This is XeTeX, Version 3.141592653-2.6-0.999993 (TeX Live 2022/dev/Debian) (preloaded format=xelatex 2022.6.6)  29 MAY 2023 10:23
entering extended mode
 restricted \write18 enabled.
 %&-line parsing enabled.
**packageCodes_of_mcnebula2.tex
(./packageCodes_of_mcnebula2.tex
LaTeX2e <2021-11-15> patch level 1
L3 programming layer <2022-01-21> (/usr/share/texlive/texmf-dist/tex/latex/base
/article.cls
Document Class: article 2021/10/04 v1.4n Standard LaTeX document class
(/usr/share/texlive/texmf-dist/tex/latex/base/size10.clo
File: size10.clo 2021/10/04 v1.4n Standard LaTeX file (size option)
)
\c@part=\count181
\c@section=\count182
\c@subsection=\count183
\c@subsubsection=\count184
\c@paragraph=\count185
\c@subparagraph=\count186
\c@figure=\count187
\c@table=\count188
\abovecaptionskip=\skip47
\belowcaptionskip=\skip48
\bibindent=\dimen138
) (/usr/share/texlive/texmf-dist/tex/latex/amsmath/amsmath.sty
Package: amsmath 2021/10/15 v2.17l AMS math features
\@mathmargin=\skip49
For additional information on amsmath, use the `?' option.
(/usr/share/texlive/texmf-dist/tex/latex/amsmath/amstext.sty
Package: amstext 2021/08/26 v2.01 AMS text
(/usr/share/texlive/texmf-dist/tex/latex/amsmath/amsgen.sty
File: amsgen.sty 1999/11/30 v2.0 generic functions
\@emptytoks=\toks16
\ex@=\dimen139
)) (/usr/share/texlive/texmf-dist/tex/latex/amsmath/amsbsy.sty
Package: amsbsy 1999/11/29 v1.2d Bold Symbols
\pmbraise@=\dimen140
) (/usr/share/texlive/texmf-dist/tex/latex/amsmath/amsopn.sty
Package: amsopn 2021/08/26 v2.02 operator names
)
\inf@bad=\count189
LaTeX Info: Redefining \frac on input line 234.
\uproot@=\count190
\leftroot@=\count191
LaTeX Info: Redefining \overline on input line 399.
\classnum@=\count192
\DOTSCASE@=\count193
LaTeX Info: Redefining \ldots on input line 496.
LaTeX Info: Redefining \dots on input line 499.
LaTeX Info: Redefining \cdots on input line 620.
\Mathstrutbox@=\box50
\strutbox@=\box51
\big@size=\dimen141
LaTeX Font Info:    Redeclaring font encoding OML on input line 743.
LaTeX Font Info:    Redeclaring font encoding OMS on input line 744.
\macc@depth=\count194
\c@MaxMatrixCols=\count195
\dotsspace@=\muskip16
\c@parentequation=\count196
\dspbrk@lvl=\count197
\tag@help=\toks17
\row@=\count198
\column@=\count199
\maxfields@=\count266
\andhelp@=\toks18
\eqnshift@=\dimen142
\alignsep@=\dimen143
\tagshift@=\dimen144
\tagwidth@=\dimen145
\totwidth@=\dimen146
\lineht@=\dimen147
\@envbody=\toks19
\multlinegap=\skip50
\multlinetaggap=\skip51
\mathdisplay@stack=\toks20
LaTeX Info: Redefining \[ on input line 2938.
LaTeX Info: Redefining \] on input line 2939.
) (/usr/share/texlive/texmf-dist/tex/latex/amsfonts/amssymb.sty
Package: amssymb 2013/01/14 v3.01 AMS font symbols
(/usr/share/texlive/texmf-dist/tex/latex/amsfonts/amsfonts.sty
Package: amsfonts 2013/01/14 v3.01 Basic AMSFonts support
\symAMSa=\mathgroup4
\symAMSb=\mathgroup5
LaTeX Font Info:    Redeclaring math symbol \hbar on input line 98.
LaTeX Font Info:    Overwriting math alphabet `\mathfrak' in version `bold'
(Font)                  U/euf/m/n --> U/euf/b/n on input line 106.
)) (/usr/share/texmf/tex/latex/lm/lmodern.sty
Package: lmodern 2009/10/30 v1.6 Latin Modern Fonts
LaTeX Font Info:    Overwriting symbol font `operators' in version `normal'
(Font)                  OT1/cmr/m/n --> OT1/lmr/m/n on input line 22.
LaTeX Font Info:    Overwriting symbol font `letters' in version `normal'
(Font)                  OML/cmm/m/it --> OML/lmm/m/it on input line 23.
LaTeX Font Info:    Overwriting symbol font `symbols' in version `normal'
(Font)                  OMS/cmsy/m/n --> OMS/lmsy/m/n on input line 24.
LaTeX Font Info:    Overwriting symbol font `largesymbols' in version `normal'
(Font)                  OMX/cmex/m/n --> OMX/lmex/m/n on input line 25.
LaTeX Font Info:    Overwriting symbol font `operators' in version `bold'
(Font)                  OT1/cmr/bx/n --> OT1/lmr/bx/n on input line 26.
LaTeX Font Info:    Overwriting symbol font `letters' in version `bold'
(Font)                  OML/cmm/b/it --> OML/lmm/b/it on input line 27.
LaTeX Font Info:    Overwriting symbol font `symbols' in version `bold'
(Font)                  OMS/cmsy/b/n --> OMS/lmsy/b/n on input line 28.
LaTeX Font Info:    Overwriting symbol font `largesymbols' in version `bold'
(Font)                  OMX/cmex/m/n --> OMX/lmex/m/n on input line 29.
LaTeX Font Info:    Overwriting math alphabet `\mathbf' in version `normal'
(Font)                  OT1/cmr/bx/n --> OT1/lmr/bx/n on input line 31.
LaTeX Font Info:    Overwriting math alphabet `\mathsf' in version `normal'
(Font)                  OT1/cmss/m/n --> OT1/lmss/m/n on input line 32.
LaTeX Font Info:    Overwriting math alphabet `\mathit' in version `normal'
(Font)                  OT1/cmr/m/it --> OT1/lmr/m/it on input line 33.
LaTeX Font Info:    Overwriting math alphabet `\mathtt' in version `normal'
(Font)                  OT1/cmtt/m/n --> OT1/lmtt/m/n on input line 34.
LaTeX Font Info:    Overwriting math alphabet `\mathbf' in version `bold'
(Font)                  OT1/cmr/bx/n --> OT1/lmr/bx/n on input line 35.
LaTeX Font Info:    Overwriting math alphabet `\mathsf' in version `bold'
(Font)                  OT1/cmss/bx/n --> OT1/lmss/bx/n on input line 36.
LaTeX Font Info:    Overwriting math alphabet `\mathit' in version `bold'
(Font)                  OT1/cmr/bx/it --> OT1/lmr/bx/it on input line 37.
LaTeX Font Info:    Overwriting math alphabet `\mathtt' in version `bold'
(Font)                  OT1/cmtt/m/n --> OT1/lmtt/m/n on input line 38.
) (/usr/share/texlive/texmf-dist/tex/generic/iftex/iftex.sty
Package: iftex 2020/03/06 v1.0d TeX engine tests
) (/usr/share/texlive/texmf-dist/tex/latex/unicode-math/unicode-math.sty (/usr/
share/texlive/texmf-dist/tex/latex/l3kernel/expl3.sty
Package: expl3 2022-01-21 L3 programming layer (loader) 
(/usr/share/texlive/texmf-dist/tex/latex/l3backend/l3backend-xetex.def
File: l3backend-xetex.def 2022-01-12 L3 backend support: XeTeX
(|extractbb --version)
\c__kernel_sys_dvipdfmx_version_int=\count267
\l__color_backend_stack_int=\count268
\g__color_backend_stack_int=\count269
\g__graphics_track_int=\count270
\l__pdf_internal_box=\box52
\g__pdf_backend_object_int=\count271
\g__pdf_backend_annotation_int=\count272
\g__pdf_backend_link_int=\count273
))
Package: unicode-math 2020/01/31 v0.8q Unicode maths in XeLaTeX and LuaLaTeX
(/usr/share/texlive/texmf-dist/tex/latex/unicode-math/unicode-math-xetex.sty
Package: unicode-math-xetex 2020/01/31 v0.8q Unicode maths in XeLaTeX and LuaLa
TeX
(/usr/share/texlive/texmf-dist/tex/latex/l3packages/xparse/xparse.sty
Package: xparse 2022-01-12 L3 Experimental document command parser
) (/usr/share/texlive/texmf-dist/tex/latex/l3packages/l3keys2e/l3keys2e.sty
Package: l3keys2e 2022-01-12 LaTeX2e option processing using LaTeX3 keys
) (/usr/share/texlive/texmf-dist/tex/latex/fontspec/fontspec.sty
Package: fontspec 2022/01/15 v2.8a Font selection for XeLaTeX and LuaLaTeX
(/usr/share/texlive/texmf-dist/tex/latex/fontspec/fontspec-xetex.sty
Package: fontspec-xetex 2022/01/15 v2.8a Font selection for XeLaTeX and LuaLaTe
X
\l__fontspec_script_int=\count274
\l__fontspec_language_int=\count275
\l__fontspec_strnum_int=\count276
\l__fontspec_tmp_int=\count277
\l__fontspec_tmpa_int=\count278
\l__fontspec_tmpb_int=\count279
\l__fontspec_tmpc_int=\count280
\l__fontspec_em_int=\count281
\l__fontspec_emdef_int=\count282
\l__fontspec_strong_int=\count283
\l__fontspec_strongdef_int=\count284
\l__fontspec_tmpa_dim=\dimen148
\l__fontspec_tmpb_dim=\dimen149
\l__fontspec_tmpc_dim=\dimen150
(/usr/share/texlive/texmf-dist/tex/latex/base/fontenc.sty
Package: fontenc 2021/04/29 v2.0v Standard LaTeX package
) (/usr/share/texlive/texmf-dist/tex/latex/fontspec/fontspec.cfg))) (/usr/share
/texlive/texmf-dist/tex/latex/base/fix-cm.sty
Package: fix-cm 2020/11/24 v1.1t fixes to LaTeX
(/usr/share/texlive/texmf-dist/tex/latex/base/ts1enc.def
File: ts1enc.def 2001/06/05 v3.0e (jk/car/fm) Standard LaTeX file
LaTeX Font Info:    Redeclaring font encoding TS1 on input line 47.
))
\g__um_fam_int=\count285
\g__um_fonts_used_int=\count286
\l__um_primecount_int=\count287
\g__um_primekern_muskip=\muskip17
(/usr/share/texlive/texmf-dist/tex/latex/unicode-math/unicode-math-table.tex)))
(/usr/share/texlive/texmf-dist/tex/latex/upquote/upquote.sty
Package: upquote 2012/04/19 v1.3 upright-quote and grave-accent glyphs in verba
tim
(/usr/share/texlive/texmf-dist/tex/latex/base/textcomp.sty
Package: textcomp 2020/02/02 v2.0n Standard LaTeX package
)) (/usr/share/texlive/texmf-dist/tex/latex/microtype/microtype.sty
Package: microtype 2021/12/10 v3.0b Micro-typographical refinements (RS)
(/usr/share/texlive/texmf-dist/tex/latex/graphics/keyval.sty
Package: keyval 2014/10/28 v1.15 key=value parser (DPC)
\KV@toks@=\toks21
) (/usr/share/texlive/texmf-dist/tex/latex/etoolbox/etoolbox.sty
Package: etoolbox 2020/10/05 v2.5k e-TeX tools for LaTeX (JAW)
\etb@tempcnta=\count288
)
\MT@toks=\toks22
\MT@count=\count289
\MT@tempbox=\box53
LaTeX Info: Redefining \leftprotrusion on input line 1010.
LaTeX Info: Redefining \rightprotrusion on input line 1018.
LaTeX Info: Redefining \textls on input line 1173.
\MT@outer@kern=\dimen151
LaTeX Info: Redefining \textmicrotypecontext on input line 1759.
\MT@listname@count=\count290
(/usr/share/texlive/texmf-dist/tex/latex/microtype/microtype-xetex.def
File: microtype-xetex.def 2021/12/10 v3.0b Definitions specific to xetex (RS)
LaTeX Info: Redefining \lsstyle on input line 234.
)
Package microtype Info: Loading configuration file microtype.cfg.
(/usr/share/texlive/texmf-dist/tex/latex/microtype/microtype.cfg
File: microtype.cfg 2021/12/10 v3.0b microtype main configuration file (RS)
)) (/usr/share/texlive/texmf-dist/tex/latex/parskip/parskip.sty
Package: parskip 2021-03-14 v2.0h non-zero parskip adjustments
(/usr/share/texlive/texmf-dist/tex/latex/kvoptions/kvoptions.sty
Package: kvoptions 2020-10-07 v3.14 Key value format for package options (HO)
(/usr/share/texlive/texmf-dist/tex/generic/ltxcmds/ltxcmds.sty
Package: ltxcmds 2020-05-10 v1.25 LaTeX kernel commands for general use (HO)
) (/usr/share/texlive/texmf-dist/tex/generic/kvsetkeys/kvsetkeys.sty
Package: kvsetkeys 2019/12/15 v1.18 Key value parser (HO)
))) (/usr/share/texlive/texmf-dist/tex/latex/xcolor/xcolor.sty
Package: xcolor 2021/10/31 v2.13 LaTeX color extensions (UK)
(/usr/share/texlive/texmf-dist/tex/latex/graphics-cfg/color.cfg
File: color.cfg 2016/01/02 v1.6 sample color configuration
)
Package xcolor Info: Driver file: xetex.def on input line 227.
(/usr/share/texlive/texmf-dist/tex/latex/graphics-def/xetex.def
File: xetex.def 2021/03/18 v5.0k Graphics/color driver for xetex
)
Package xcolor Info: Model `cmy' substituted by `cmy0' on input line 1352.
Package xcolor Info: Model `RGB' extended on input line 1368.
Package xcolor Info: Model `HTML' substituted by `rgb' on input line 1370.
Package xcolor Info: Model `Hsb' substituted by `hsb' on input line 1371.
Package xcolor Info: Model `tHsb' substituted by `hsb' on input line 1372.
Package xcolor Info: Model `HSB' substituted by `hsb' on input line 1373.
Package xcolor Info: Model `Gray' substituted by `gray' on input line 1374.
Package xcolor Info: Model `wave' substituted by `hsb' on input line 1375.
) (/usr/share/texlive/texmf-dist/tex/latex/geometry/geometry.sty
Package: geometry 2020/01/02 v5.9 Page Geometry
(/usr/share/texlive/texmf-dist/tex/generic/iftex/ifvtex.sty
Package: ifvtex 2019/10/25 v1.7 ifvtex legacy package. Use iftex instead.
)
\Gm@cnth=\count291
\Gm@cntv=\count292
\c@Gm@tempcnt=\count293
\Gm@bindingoffset=\dimen152
\Gm@wd@mp=\dimen153
\Gm@odd@mp=\dimen154
\Gm@even@mp=\dimen155
\Gm@layoutwidth=\dimen156
\Gm@layoutheight=\dimen157
\Gm@layouthoffset=\dimen158
\Gm@layoutvoffset=\dimen159
\Gm@dimlist=\toks23
) (/usr/share/texlive/texmf-dist/tex/latex/fancyvrb/fancyvrb.sty
Package: fancyvrb 2021/12/21 4.1b verbatim text (tvz,hv)
\FV@CodeLineNo=\count294
\FV@InFile=\read2
\FV@TabBox=\box54
\c@FancyVerbLine=\count295
\FV@StepNumber=\count296
\FV@OutFile=\write3
) (/usr/share/texlive/texmf-dist/tex/latex/framed/framed.sty
Package: framed 2011/10/22 v 0.96: framed or shaded text with page breaks
\OuterFrameSep=\skip52
\fb@frw=\dimen160
\fb@frh=\dimen161
\FrameRule=\dimen162
\FrameSep=\dimen163
) (/usr/share/texlive/texmf-dist/tex/latex/tools/longtable.sty
Package: longtable 2021-09-01 v4.17 Multi-page Table package (DPC)
\LTleft=\skip53
\LTright=\skip54
\LTpre=\skip55
\LTpost=\skip56
\LTchunksize=\count297
\LTcapwidth=\dimen164
\LT@head=\box55
\LT@firsthead=\box56
\LT@foot=\box57
\LT@lastfoot=\box58
\LT@gbox=\box59
\LT@cols=\count298
\LT@rows=\count299
\c@LT@tables=\count300
\c@LT@chunks=\count301
\LT@p@ftn=\toks24
) (/usr/share/texlive/texmf-dist/tex/latex/booktabs/booktabs.sty
Package: booktabs 2020/01/12 v1.61803398 Publication quality tables
\heavyrulewidth=\dimen165
\lightrulewidth=\dimen166
\cmidrulewidth=\dimen167
\belowrulesep=\dimen168
\belowbottomsep=\dimen169
\aboverulesep=\dimen170
\abovetopsep=\dimen171
\cmidrulesep=\dimen172
\cmidrulekern=\dimen173
\defaultaddspace=\dimen174
\@cmidla=\count302
\@cmidlb=\count303
\@aboverulesep=\dimen175
\@belowrulesep=\dimen176
\@thisruleclass=\count304
\@lastruleclass=\count305
\@thisrulewidth=\dimen177
) (/usr/share/texlive/texmf-dist/tex/latex/tools/array.sty
Package: array 2021/10/04 v2.5f Tabular extension package (FMi)
\col@sep=\dimen178
\ar@mcellbox=\box60
\extrarowheight=\dimen179
\NC@list=\toks25
\extratabsurround=\skip57
\backup@length=\skip58
\ar@cellbox=\box61
) (/usr/share/texlive/texmf-dist/tex/latex/tools/calc.sty
Package: calc 2017/05/25 v4.3 Infix arithmetic (KKT,FJ)
\calc@Acount=\count306
\calc@Bcount=\count307
\calc@Adimen=\dimen180
\calc@Bdimen=\dimen181
\calc@Askip=\skip59
\calc@Bskip=\skip60
LaTeX Info: Redefining \setlength on input line 80.
LaTeX Info: Redefining \addtolength on input line 81.
\calc@Ccount=\count308
\calc@Cskip=\skip61
) (/usr/share/texlive/texmf-dist/tex/latex/footnotehyper/footnotehyper.sty
Package: footnotehyper 2021/08/13 v1.1e hyperref aware footnote.sty (JFB)
\FNH@notes=\box62
\FNH@width=\dimen182
\FNH@toks=\toks26
) (/usr/share/texlive/texmf-dist/tex/latex/graphics/graphicx.sty
Package: graphicx 2021/09/16 v1.2d Enhanced LaTeX Graphics (DPC,SPQR)
(/usr/share/texlive/texmf-dist/tex/latex/graphics/graphics.sty
Package: graphics 2021/03/04 v1.4d Standard LaTeX Graphics (DPC,SPQR)
(/usr/share/texlive/texmf-dist/tex/latex/graphics/trig.sty
Package: trig 2021/08/11 v1.11 sin cos tan (DPC)
) (/usr/share/texlive/texmf-dist/tex/latex/graphics-cfg/graphics.cfg
File: graphics.cfg 2016/06/04 v1.11 sample graphics configuration
)
Package graphics Info: Driver file: xetex.def on input line 107.
)
\Gin@req@height=\dimen183
\Gin@req@width=\dimen184
) (/usr/share/texlive/texmf-dist/tex/latex/caption/caption.sty
Package: caption 2020/10/26 v3.5g Customizing captions (AR)
(/usr/share/texlive/texmf-dist/tex/latex/caption/caption3.sty
Package: caption3 2020/10/21 v2.2e caption3 kernel (AR)
\captionmargin=\dimen185
\captionmargin@=\dimen186
\captionwidth=\dimen187
\caption@tempdima=\dimen188
\caption@indent=\dimen189
\caption@parindent=\dimen190
\caption@hangindent=\dimen191
Package caption Info: Standard document class detected.
)
\c@caption@flags=\count309
\c@continuedfloat=\count310
Package caption Info: longtable package is loaded.
(/usr/share/texlive/texmf-dist/tex/latex/caption/ltcaption.sty
Package: ltcaption 2020/05/30 v1.4b longtable captions (AR)
)) (/usr/share/texlive/texmf-dist/tex/xelatex/xecjk/xeCJK.sty
Package: xeCJK 2021/12/12 v3.8.8 Typesetting CJK scripts with XeLaTeX
(/usr/share/texlive/texmf-dist/tex/latex/ctex/ctexhook.sty
Package: ctexhook 2021/12/12 v2.5.8 Document and package hooks (CTEX)
) (/usr/share/texlive/texmf-dist/tex/latex/l3packages/xtemplate/xtemplate.sty
Package: xtemplate 2022-01-12 L3 Experimental prototype document functions
\l__xtemplate_tmp_dim=\dimen192
\l__xtemplate_tmp_int=\count311
\l__xtemplate_tmp_muskip=\muskip18
\l__xtemplate_tmp_skip=\skip62
)
\l__xeCJK_tmp_int=\count312
\l__xeCJK_tmp_box=\box63
\l__xeCJK_tmp_dim=\dimen193
\l__xeCJK_tmp_skip=\skip63
\g__xeCJK_space_factor_int=\count313
\l__xeCJK_begin_int=\count314
\l__xeCJK_end_int=\count315
\c__xeCJK_CJK_class_int=\XeTeXcharclass1
\c__xeCJK_FullLeft_class_int=\XeTeXcharclass2
\c__xeCJK_FullRight_class_int=\XeTeXcharclass3
\c__xeCJK_HalfLeft_class_int=\XeTeXcharclass4
\c__xeCJK_HalfRight_class_int=\XeTeXcharclass5
\c__xeCJK_NormalSpace_class_int=\XeTeXcharclass6
\c__xeCJK_CM_class_int=\XeTeXcharclass7
\c__xeCJK_HangulJamo_class_int=\XeTeXcharclass8
\l__xeCJK_last_skip=\skip64
\g__xeCJK_node_int=\count316
\c__xeCJK_CJK_node_dim=\dimen194
\c__xeCJK_CJK-space_node_dim=\dimen195
\c__xeCJK_default_node_dim=\dimen196
\c__xeCJK_default-space_node_dim=\dimen197
\c__xeCJK_CJK-widow_node_dim=\dimen198
\c__xeCJK_normalspace_node_dim=\dimen199
\l__xeCJK_ccglue_skip=\skip65
\l__xeCJK_ecglue_skip=\skip66
\l__xeCJK_punct_kern_skip=\skip67
\l__xeCJK_last_penalty_int=\count317
\l__xeCJK_last_bound_dim=\dimen256
\l__xeCJK_last_kern_dim=\dimen257
\l__xeCJK_widow_penalty_int=\count318

Package xtemplate Info: Declaring object type 'xeCJK/punctuation' taking 0
(xtemplate)             argument(s) on line 2337.

\l__xeCJK_fixed_punct_width_dim=\dimen258
\l__xeCJK_mixed_punct_width_dim=\dimen259
\l__xeCJK_middle_punct_width_dim=\dimen260
\l__xeCJK_fixed_margin_width_dim=\dimen261
\l__xeCJK_mixed_margin_width_dim=\dimen262
\l__xeCJK_middle_margin_width_dim=\dimen263
\l__xeCJK_bound_punct_width_dim=\dimen264
\l__xeCJK_bound_margin_width_dim=\dimen265
\l__xeCJK_margin_minimum_dim=\dimen266
\l__xeCJK_kerning_total_width_dim=\dimen267
\l__xeCJK_same_align_margin_dim=\dimen268
\l__xeCJK_different_align_margin_dim=\dimen269
\l__xeCJK_kerning_margin_width_dim=\dimen270
\l__xeCJK_kerning_margin_minimum_dim=\dimen271
\l__xeCJK_bound_dim=\dimen272
\l__xeCJK_reverse_bound_dim=\dimen273
\l__xeCJK_margin_dim=\dimen274
\l__xeCJK_minimum_bound_dim=\dimen275
\l__xeCJK_kerning_margin_dim=\dimen276
\g__xeCJK_family_int=\count319
\l__xeCJK_fam_int=\count320
\g__xeCJK_fam_allocation_int=\count321
\l__xeCJK_verb_case_int=\count322
\l__xeCJK_verb_exspace_skip=\skip68
(/usr/share/texlive/texmf-dist/tex/xelatex/xecjk/xeCJK.cfg
File: xeCJK.cfg 2021/12/12 v3.8.8 Configuration file for xeCJK package
)) (/usr/share/texlive/texmf-dist/tex/latex/setspace/setspace.sty
Package: setspace 2011/12/19 v6.7a set line spacing
) (/usr/share/texlive/texmf-dist/tex/latex/bookmark/bookmark.sty
Package: bookmark 2020-11-06 v1.29 PDF bookmarks (HO)
(/usr/share/texlive/texmf-dist/tex/latex/hyperref/hyperref.sty
Package: hyperref 2021-06-07 v7.00m Hypertext links for LaTeX
(/usr/share/texlive/texmf-dist/tex/generic/pdftexcmds/pdftexcmds.sty
Package: pdftexcmds 2020-06-27 v0.33 Utility functions of pdfTeX for LuaTeX (HO
)
(/usr/share/texlive/texmf-dist/tex/generic/infwarerr/infwarerr.sty
Package: infwarerr 2019/12/03 v1.5 Providing info/warning/error messages (HO)
)
Package pdftexcmds Info: \pdf@primitive is available.
Package pdftexcmds Info: \pdf@ifprimitive is available.
Package pdftexcmds Info: \pdfdraftmode not found.
) (/usr/share/texlive/texmf-dist/tex/generic/kvdefinekeys/kvdefinekeys.sty
Package: kvdefinekeys 2019-12-19 v1.6 Define keys (HO)
) (/usr/share/texlive/texmf-dist/tex/generic/pdfescape/pdfescape.sty
Package: pdfescape 2019/12/09 v1.15 Implements pdfTeX's escape features (HO)
) (/usr/share/texlive/texmf-dist/tex/latex/hycolor/hycolor.sty
Package: hycolor 2020-01-27 v1.10 Color options for hyperref/bookmark (HO)
) (/usr/share/texlive/texmf-dist/tex/latex/letltxmacro/letltxmacro.sty
Package: letltxmacro 2019/12/03 v1.6 Let assignment for LaTeX macros (HO)
) (/usr/share/texlive/texmf-dist/tex/latex/auxhook/auxhook.sty
Package: auxhook 2019-12-17 v1.6 Hooks for auxiliary files (HO)
)
\@linkdim=\dimen277
\Hy@linkcounter=\count323
\Hy@pagecounter=\count324
(/usr/share/texlive/texmf-dist/tex/latex/hyperref/pd1enc.def
File: pd1enc.def 2021-06-07 v7.00m Hyperref: PDFDocEncoding definition (HO)
) (/usr/share/texlive/texmf-dist/tex/latex/hyperref/hyperref-langpatches.def
File: hyperref-langpatches.def 2021-06-07 v7.00m Hyperref: patches for babel la
nguages
) (/usr/share/texlive/texmf-dist/tex/generic/intcalc/intcalc.sty
Package: intcalc 2019/12/15 v1.3 Expandable calculations with integers (HO)
) (/usr/share/texlive/texmf-dist/tex/generic/etexcmds/etexcmds.sty
Package: etexcmds 2019/12/15 v1.7 Avoid name clashes with e-TeX commands (HO)
)
\Hy@SavedSpaceFactor=\count325
(/usr/share/texlive/texmf-dist/tex/latex/hyperref/puenc.def
File: puenc.def 2021-06-07 v7.00m Hyperref: PDF Unicode definition (HO)
)
Package hyperref Info: Option `unicode' set `true' on input line 4073.
Package hyperref Info: Hyper figures OFF on input line 4192.
Package hyperref Info: Link nesting OFF on input line 4197.
Package hyperref Info: Hyper index ON on input line 4200.
Package hyperref Info: Plain pages OFF on input line 4207.
Package hyperref Info: Backreferencing OFF on input line 4212.
Package hyperref Info: Implicit mode ON; LaTeX internals redefined.
Package hyperref Info: Bookmarks ON on input line 4445.
\c@Hy@tempcnt=\count326
(/usr/share/texlive/texmf-dist/tex/latex/url/url.sty
\Urlmuskip=\muskip19
Package: url 2013/09/16  ver 3.4  Verb mode for urls, etc.
)
LaTeX Info: Redefining \url on input line 4804.
\XeTeXLinkMargin=\dimen278
(/usr/share/texlive/texmf-dist/tex/generic/bitset/bitset.sty
Package: bitset 2019/12/09 v1.3 Handle bit-vector datatype (HO)
(/usr/share/texlive/texmf-dist/tex/generic/bigintcalc/bigintcalc.sty
Package: bigintcalc 2019/12/15 v1.5 Expandable calculations on big integers (HO
)
))
\Fld@menulength=\count327
\Field@Width=\dimen279
\Fld@charsize=\dimen280
Package hyperref Info: Hyper figures OFF on input line 6076.
Package hyperref Info: Link nesting OFF on input line 6081.
Package hyperref Info: Hyper index ON on input line 6084.
Package hyperref Info: backreferencing OFF on input line 6091.
Package hyperref Info: Link coloring OFF on input line 6096.
Package hyperref Info: Link coloring with OCG OFF on input line 6101.
Package hyperref Info: PDF/A mode OFF on input line 6106.
LaTeX Info: Redefining \ref on input line 6146.
LaTeX Info: Redefining \pageref on input line 6150.
(/usr/share/texlive/texmf-dist/tex/latex/base/atbegshi-ltx.sty
Package: atbegshi-ltx 2021/01/10 v1.0c Emulation of the original atbegshi
package with kernel methods
)
\Hy@abspage=\count328
\c@Item=\count329
\c@Hfootnote=\count330
)
Package hyperref Info: Driver (autodetected): hxetex.
(/usr/share/texlive/texmf-dist/tex/latex/hyperref/hxetex.def
File: hxetex.def 2021-06-07 v7.00m Hyperref driver for XeTeX
(/usr/share/texlive/texmf-dist/tex/generic/stringenc/stringenc.sty
Package: stringenc 2019/11/29 v1.12 Convert strings between diff. encodings (HO
)
)
\pdfm@box=\box64
\c@Hy@AnnotLevel=\count331
\HyField@AnnotCount=\count332
\Fld@listcount=\count333
\c@bookmark@seq@number=\count334
(/usr/share/texlive/texmf-dist/tex/latex/rerunfilecheck/rerunfilecheck.sty
Package: rerunfilecheck 2019/12/05 v1.9 Rerun checks for auxiliary files (HO)
(/usr/share/texlive/texmf-dist/tex/latex/base/atveryend-ltx.sty
Package: atveryend-ltx 2020/08/19 v1.0a Emulation of the original atveryend pac
kage
with kernel methods
) (/usr/share/texlive/texmf-dist/tex/generic/uniquecounter/uniquecounter.sty
Package: uniquecounter 2019/12/15 v1.4 Provide unlimited unique counter (HO)
)
Package uniquecounter Info: New unique counter `rerunfilecheck' on input line 2
86.
)
\Hy@SectionHShift=\skip69
) (/usr/share/texlive/texmf-dist/tex/latex/bookmark/bkm-dvipdfm.def
File: bkm-dvipdfm.def 2020-11-06 v1.29 bookmark driver for dvipdfm (HO)
\BKM@id=\count335
)) (/usr/share/texlive/texmf-dist/tex/latex/xurl/xurl.sty
Package: xurl 2022/01/09 v 0.10 modify URL breaks
)

Package xeCJK Warning: Fandol is being set as the default font for CJK text.
(xeCJK)                Please make sure it has been properly installed.


Package fontspec Warning: Font "FandolSong-Regular" does not contain requested
(fontspec)                Script "CJK".


Package fontspec Info: FandolSong-Regular scale = 0.9999964596882403.


Package fontspec Info: FandolSong-Regular scale = 0.9999964596882403.


Package fontspec Info: FandolSong-Bold scale = 0.9707163010643308.


Package fontspec Info: FandolKai-Regular scale = 0.9751096074843788.


Package fontspec Info: Font family 'FandolSong-Regular(0)' created for font
(fontspec)             'FandolSong-Regular' with options
(fontspec)             [Scale=MatchLowercase,Script={CJK},Extension={.otf},Bold
Font={FandolSong-Bold},ItalicFont={FandolKai-Regular}].
(fontspec)              
(fontspec)              This font family consists of the following NFSS
(fontspec)             series/shapes:
(fontspec)              
(fontspec)             - 'normal' (m/n) with NFSS spec.:
(fontspec)             <->s*[0.9999964596882403]"[FandolSong-Regular.otf]/OT:la
nguage=dflt;"
(fontspec)             - 'small caps'  (m/sc) with NFSS spec.: 
(fontspec)             - 'bold' (b/n) with NFSS spec.:
(fontspec)             <->s*[0.9707163010643308]"[FandolSong-Bold.otf]/OT:langu
age=dflt;"
(fontspec)             - 'bold small caps'  (b/sc) with NFSS spec.: 
(fontspec)             - 'italic' (m/it) with NFSS spec.:
(fontspec)             <->s*[0.9751096074843788]"[FandolKai-Regular.otf]/OT:lan
guage=dflt;"
(fontspec)             - 'italic small caps'  (m/scit) with NFSS spec.: 

(./packageCodes_of_mcnebula2.aux)
\openout1 = `packageCodes_of_mcnebula2.aux'.

LaTeX Font Info:    Checking defaults for OML/cmm/m/it on input line 120.
LaTeX Font Info:    ... okay on input line 120.
LaTeX Font Info:    Checking defaults for OMS/cmsy/m/n on input line 120.
LaTeX Font Info:    ... okay on input line 120.
LaTeX Font Info:    Checking defaults for OT1/cmr/m/n on input line 120.
LaTeX Font Info:    ... okay on input line 120.
LaTeX Font Info:    Checking defaults for T1/cmr/m/n on input line 120.
LaTeX Font Info:    ... okay on input line 120.
LaTeX Font Info:    Checking defaults for TS1/cmr/m/n on input line 120.
LaTeX Font Info:    ... okay on input line 120.
LaTeX Font Info:    Checking defaults for TU/lmr/m/n on input line 120.
LaTeX Font Info:    ... okay on input line 120.
LaTeX Font Info:    Checking defaults for OMX/cmex/m/n on input line 120.
LaTeX Font Info:    ... okay on input line 120.
LaTeX Font Info:    Checking defaults for U/cmr/m/n on input line 120.
LaTeX Font Info:    ... okay on input line 120.
LaTeX Font Info:    Checking defaults for PD1/pdf/m/n on input line 120.
LaTeX Font Info:    ... okay on input line 120.
LaTeX Font Info:    Checking defaults for PU/pdf/m/n on input line 120.
LaTeX Font Info:    ... okay on input line 120.
LaTeX Font Info:    Overwriting math alphabet `\mathrm' in version `normal'
(Font)                  OT1/lmr/m/n --> TU/lmr/m/n on input line 120.
LaTeX Font Info:    Overwriting math alphabet `\mathit' in version `normal'
(Font)                  OT1/lmr/m/it --> TU/lmr/m/it on input line 120.
LaTeX Font Info:    Overwriting math alphabet `\mathbf' in version `normal'
(Font)                  OT1/lmr/bx/n --> TU/lmr/bx/n on input line 120.
LaTeX Font Info:    Overwriting math alphabet `\mathsf' in version `normal'
(Font)                  OT1/lmss/m/n --> TU/lmss/m/n on input line 120.
LaTeX Font Info:    Overwriting math alphabet `\mathsf' in version `bold'
(Font)                  OT1/lmss/bx/n --> TU/lmss/bx/n on input line 120.
LaTeX Font Info:    Overwriting math alphabet `\mathtt' in version `normal'
(Font)                  OT1/lmtt/m/n --> TU/lmtt/m/n on input line 120.
LaTeX Font Info:    Overwriting math alphabet `\mathtt' in version `bold'
(Font)                  OT1/lmtt/m/n --> TU/lmtt/bx/n on input line 120.

Package fontspec Info: latinmodern-math scale = 0.9999964596882403.


Package fontspec Info: latinmodern-math scale = 0.9999964596882403.


Package fontspec Info: latinmodern-math scale = 0.9999964596882403.


Package fontspec Info: Font family 'latinmodern-math.otf(0)' created for font
(fontspec)             'latinmodern-math.otf' with options
(fontspec)             [Scale=MatchLowercase,BoldItalicFont={},ItalicFont={},Sm
allCapsFont={},Script=Math,BoldFont={latinmodern-math.otf}].
(fontspec)              
(fontspec)              This font family consists of the following NFSS
(fontspec)             series/shapes:
(fontspec)              
(fontspec)             - 'normal' (m/n) with NFSS spec.:
(fontspec)             <->s*[0.9999964596882403]"[latinmodern-math.otf]/OT:scri
pt=math;language=dflt;"
(fontspec)             - 'small caps'  (m/sc) with NFSS spec.: 
(fontspec)             - 'bold' (b/n) with NFSS spec.:
(fontspec)             <->s*[0.9999964596882403]"[latinmodern-math.otf]/OT:scri
pt=math;language=dflt;"
(fontspec)             - 'bold small caps'  (b/sc) with NFSS spec.: 

LaTeX Font Info:    Font shape `TU/latinmodern-math.otf(0)/m/n' will be
(Font)              scaled to size 10.0pt on input line 120.

Package fontspec Info: latinmodern-math scale = 0.9999964596882403.


Package fontspec Info: latinmodern-math scale = 0.9999964596882403.


Package fontspec Info: latinmodern-math scale = 0.9999964596882403.


Package fontspec Info: latinmodern-math scale = 0.9999964596882403.


Package fontspec Info: latinmodern-math scale = 0.9999964596882403.


Package fontspec Info: Font family 'latinmodern-math.otf(1)' created for font
(fontspec)             'latinmodern-math.otf' with options
(fontspec)             [Scale=MatchLowercase,BoldItalicFont={},ItalicFont={},Sm
allCapsFont={},Script=Math,SizeFeatures={{Size=8.5-},{Size=6-8.5,Font=latinmode
rn-math.otf,Style=MathScript},{Size=-6,Font=latinmodern-math.otf,Style=MathScri
ptScript}},BoldFont={latinmodern-math.otf}].
(fontspec)              
(fontspec)              This font family consists of the following NFSS
(fontspec)             series/shapes:
(fontspec)              
(fontspec)             - 'normal' (m/n) with NFSS spec.:
(fontspec)             <8.5->s*[0.9999964596882403]"[latinmodern-math.otf]/OT:s
cript=math;language=dflt;"<6-8.5>s*[0.9999964596882403]"[latinmodern-math.otf]/
OT:script=math;language=dflt;+ssty=0;"<-6>s*[0.9999964596882403]"[latinmodern-m
ath.otf]/OT:script=math;language=dflt;+ssty=1;"
(fontspec)             - 'small caps'  (m/sc) with NFSS spec.: 
(fontspec)             - 'bold' (b/n) with NFSS spec.:
(fontspec)             <->s*[0.9999964596882403]"[latinmodern-math.otf]/OT:scri
pt=math;language=dflt;"
(fontspec)             - 'bold small caps'  (b/sc) with NFSS spec.: 

LaTeX Font Info:    Font shape `TU/latinmodern-math.otf(1)/m/n' will be
(Font)              scaled to size 10.0pt on input line 120.
LaTeX Font Info:    Encoding `OT1' has changed to `TU' for symbol font
(Font)              `operators' in the math version `normal' on input line 120.

LaTeX Font Info:    Overwriting symbol font `operators' in version `normal'
(Font)                  OT1/lmr/m/n --> TU/latinmodern-math.otf(1)/m/n on input
 line 120.
LaTeX Font Info:    Encoding `OT1' has changed to `TU' for symbol font
(Font)              `operators' in the math version `bold' on input line 120.
LaTeX Font Info:    Overwriting symbol font `operators' in version `bold'
(Font)                  OT1/lmr/bx/n --> TU/latinmodern-math.otf(1)/b/n on inpu
t line 120.

Package fontspec Info: latinmodern-math scale = 0.9999964596882403.


Package fontspec Info: latinmodern-math scale = 1.000096459334209.


Package fontspec Info: latinmodern-math scale = 0.9999964596882403.


Package fontspec Info: latinmodern-math scale = 1.000096459334209.


Package fontspec Info: latinmodern-math scale = 0.9999964596882403.


Package fontspec Info: latinmodern-math scale = 1.000096459334209.


Package fontspec Info: latinmodern-math scale = 0.9999964596882403.


Package fontspec Info: latinmodern-math scale = 1.000096459334209.


Package fontspec Info: latinmodern-math scale = 0.9999964596882403.


Package fontspec Info: latinmodern-math scale = 1.000096459334209.


Package fontspec Info: Font family 'latinmodern-math.otf(2)' created for font
(fontspec)             'latinmodern-math.otf' with options
(fontspec)             [Scale=MatchLowercase,BoldItalicFont={},ItalicFont={},Sm
allCapsFont={},Script=Math,SizeFeatures={{Size=8.5-},{Size=6-8.5,Font=latinmode
rn-math.otf,Style=MathScript},{Size=-6,Font=latinmodern-math.otf,Style=MathScri
ptScript}},BoldFont={latinmodern-math.otf},ScaleAgain=1.0001,FontAdjustment={\f
ontdimen
(fontspec)             8\font =6.77pt\relax \fontdimen 9\font =3.94pt\relax
(fontspec)             \fontdimen 10\font =4.44pt\relax \fontdimen 11\font
(fontspec)             =6.86pt\relax \fontdimen 12\font =3.45pt\relax
(fontspec)             \fontdimen 13\font =3.63pt\relax \fontdimen 14\font
(fontspec)             =3.63pt\relax \fontdimen 15\font =2.89pt\relax
(fontspec)             \fontdimen 16\font =2.47pt\relax \fontdimen 17\font
(fontspec)             =2.47pt\relax \fontdimen 18\font =2.5pt\relax
(fontspec)             \fontdimen 19\font =2.0pt\relax \fontdimen 22\font
(fontspec)             =2.5pt\relax \fontdimen 20\font =0pt\relax \fontdimen
(fontspec)             21\font =0pt\relax }].
(fontspec)              
(fontspec)              This font family consists of the following NFSS
(fontspec)             series/shapes:
(fontspec)              
(fontspec)             - 'normal' (m/n) with NFSS spec.:
(fontspec)             <8.5->s*[1.000096459334209]"[latinmodern-math.otf]/OT:sc
ript=math;language=dflt;"<6-8.5>s*[1.000096459334209]"[latinmodern-math.otf]/OT
:script=math;language=dflt;+ssty=0;"<-6>s*[1.000096459334209]"[latinmodern-math
.otf]/OT:script=math;language=dflt;+ssty=1;"
(fontspec)             - 'small caps'  (m/sc) with NFSS spec.: 
(fontspec)             and font adjustment code:
(fontspec)             \fontdimen 8\font =6.77pt\relax \fontdimen 9\font
(fontspec)             =3.94pt\relax \fontdimen 10\font =4.44pt\relax
(fontspec)             \fontdimen 11\font =6.86pt\relax \fontdimen 12\font
(fontspec)             =3.45pt\relax \fontdimen 13\font =3.63pt\relax
(fontspec)             \fontdimen 14\font =3.63pt\relax \fontdimen 15\font
(fontspec)             =2.89pt\relax \fontdimen 16\font =2.47pt\relax
(fontspec)             \fontdimen 17\font =2.47pt\relax \fontdimen 18\font
(fontspec)             =2.5pt\relax \fontdimen 19\font =2.0pt\relax \fontdimen
(fontspec)             22\font =2.5pt\relax \fontdimen 20\font =0pt\relax
(fontspec)             \fontdimen 21\font =0pt\relax 
(fontspec)             - 'bold' (b/n) with NFSS spec.:
(fontspec)             <->s*[1.000096459334209]"[latinmodern-math.otf]/OT:scrip
t=math;language=dflt;"
(fontspec)             - 'bold small caps'  (b/sc) with NFSS spec.: 
(fontspec)             and font adjustment code:
(fontspec)             \fontdimen 8\font =6.77pt\relax \fontdimen 9\font
(fontspec)             =3.94pt\relax \fontdimen 10\font =4.44pt\relax
(fontspec)             \fontdimen 11\font =6.86pt\relax \fontdimen 12\font
(fontspec)             =3.45pt\relax \fontdimen 13\font =3.63pt\relax
(fontspec)             \fontdimen 14\font =3.63pt\relax \fontdimen 15\font
(fontspec)             =2.89pt\relax \fontdimen 16\font =2.47pt\relax
(fontspec)             \fontdimen 17\font =2.47pt\relax \fontdimen 18\font
(fontspec)             =2.5pt\relax \fontdimen 19\font =2.0pt\relax \fontdimen
(fontspec)             22\font =2.5pt\relax \fontdimen 20\font =0pt\relax
(fontspec)             \fontdimen 21\font =0pt\relax 

LaTeX Font Info:    Encoding `OMS' has changed to `TU' for symbol font
(Font)              `symbols' in the math version `normal' on input line 120.
LaTeX Font Info:    Overwriting symbol font `symbols' in version `normal'
(Font)                  OMS/lmsy/m/n --> TU/latinmodern-math.otf(2)/m/n on inpu
t line 120.
LaTeX Font Info:    Encoding `OMS' has changed to `TU' for symbol font
(Font)              `symbols' in the math version `bold' on input line 120.
LaTeX Font Info:    Overwriting symbol font `symbols' in version `bold'
(Font)                  OMS/lmsy/b/n --> TU/latinmodern-math.otf(2)/b/n on inpu
t line 120.

Package fontspec Info: latinmodern-math scale = 0.9999964596882403.


Package fontspec Info: latinmodern-math scale = 0.9998964600422715.


Package fontspec Info: latinmodern-math scale = 0.9999964596882403.


Package fontspec Info: latinmodern-math scale = 0.9998964600422715.


Package fontspec Info: latinmodern-math scale = 0.9999964596882403.


Package fontspec Info: latinmodern-math scale = 0.9998964600422715.


Package fontspec Info: latinmodern-math scale = 0.9999964596882403.


Package fontspec Info: latinmodern-math scale = 0.9998964600422715.


Package fontspec Info: latinmodern-math scale = 0.9999964596882403.


Package fontspec Info: latinmodern-math scale = 0.9998964600422715.


Package fontspec Info: Font family 'latinmodern-math.otf(3)' created for font
(fontspec)             'latinmodern-math.otf' with options
(fontspec)             [Scale=MatchLowercase,BoldItalicFont={},ItalicFont={},Sm
allCapsFont={},Script=Math,SizeFeatures={{Size=8.5-},{Size=6-8.5,Font=latinmode
rn-math.otf,Style=MathScript},{Size=-6,Font=latinmodern-math.otf,Style=MathScri
ptScript}},BoldFont={latinmodern-math.otf},ScaleAgain=0.9999,FontAdjustment={\f
ontdimen
(fontspec)             8\font =0.4pt\relax \fontdimen 9\font =2.0pt\relax
(fontspec)             \fontdimen 10\font =1.67pt\relax \fontdimen 11\font
(fontspec)             =1.11pt\relax \fontdimen 12\font =6.0pt\relax
(fontspec)             \fontdimen 13\font =0pt\relax }].
(fontspec)              
(fontspec)              This font family consists of the following NFSS
(fontspec)             series/shapes:
(fontspec)              
(fontspec)             - 'normal' (m/n) with NFSS spec.:
(fontspec)             <8.5->s*[0.9998964600422715]"[latinmodern-math.otf]/OT:s
cript=math;language=dflt;"<6-8.5>s*[0.9998964600422715]"[latinmodern-math.otf]/
OT:script=math;language=dflt;+ssty=0;"<-6>s*[0.9998964600422715]"[latinmodern-m
ath.otf]/OT:script=math;language=dflt;+ssty=1;"
(fontspec)             - 'small caps'  (m/sc) with NFSS spec.: 
(fontspec)             and font adjustment code:
(fontspec)             \fontdimen 8\font =0.4pt\relax \fontdimen 9\font
(fontspec)             =2.0pt\relax \fontdimen 10\font =1.67pt\relax
(fontspec)             \fontdimen 11\font =1.11pt\relax \fontdimen 12\font
(fontspec)             =6.0pt\relax \fontdimen 13\font =0pt\relax 
(fontspec)             - 'bold' (b/n) with NFSS spec.:
(fontspec)             <->s*[0.9998964600422715]"[latinmodern-math.otf]/OT:scri
pt=math;language=dflt;"
(fontspec)             - 'bold small caps'  (b/sc) with NFSS spec.: 
(fontspec)             and font adjustment code:
(fontspec)             \fontdimen 8\font =0.4pt\relax \fontdimen 9\font
(fontspec)             =2.0pt\relax \fontdimen 10\font =1.67pt\relax
(fontspec)             \fontdimen 11\font =1.11pt\relax \fontdimen 12\font
(fontspec)             =6.0pt\relax \fontdimen 13\font =0pt\relax 

LaTeX Font Info:    Encoding `OMX' has changed to `TU' for symbol font
(Font)              `largesymbols' in the math version `normal' on input line 1
20.
LaTeX Font Info:    Overwriting symbol font `largesymbols' in version `normal'
(Font)                  OMX/lmex/m/n --> TU/latinmodern-math.otf(3)/m/n on inpu
t line 120.
LaTeX Font Info:    Encoding `OMX' has changed to `TU' for symbol font
(Font)              `largesymbols' in the math version `bold' on input line 120
.
LaTeX Font Info:    Overwriting symbol font `largesymbols' in version `bold'
(Font)                  OMX/lmex/m/n --> TU/latinmodern-math.otf(3)/b/n on inpu
t line 120.
LaTeX Info: Redefining \microtypecontext on input line 120.
Package microtype Info: Applying patch `item' on input line 120.
Package microtype Info: Applying patch `toc' on input line 120.
Package microtype Info: Applying patch `eqnum' on input line 120.
Package microtype Info: Applying patch `footnote' on input line 120.
Package microtype Info: Character protrusion enabled (level 2).
Package microtype Info: Using protrusion set `basicmath'.
Package microtype Info: No adjustment of tracking.
Package microtype Info: No adjustment of spacing.
Package microtype Info: No adjustment of kerning.
(/usr/share/texlive/texmf-dist/tex/latex/microtype/mt-LatinModernRoman.cfg
File: mt-LatinModernRoman.cfg 2021/02/21 v1.1 microtype config. file: Latin Mod
ern Roman (RS)
)
*geometry* driver: auto-detecting
*geometry* detected driver: xetex
*geometry* verbose mode - [ preamble ] result:
* driver: xetex
* paper: <default>
* layout: <same size as paper>
* layoutoffset:(h,v)=(0.0pt,0.0pt)
* modes: 
* h-part:(L,W,R)=(72.26999pt, 469.75502pt, 72.26999pt)
* v-part:(T,H,B)=(72.26999pt, 650.43001pt, 72.26999pt)
* \paperwidth=614.295pt
* \paperheight=794.96999pt
* \textwidth=469.75502pt
* \textheight=650.43001pt
* \oddsidemargin=0.0pt
* \evensidemargin=0.0pt
* \topmargin=-37.0pt
* \headheight=12.0pt
* \headsep=25.0pt
* \topskip=10.0pt
* \footskip=30.0pt
* \marginparwidth=65.0pt
* \marginparsep=11.0pt
* \columnsep=10.0pt
* \skip\footins=9.0pt plus 4.0pt minus 2.0pt
* \hoffset=0.0pt
* \voffset=0.0pt
* \mag=1000
* \@twocolumnfalse
* \@twosidefalse
* \@mparswitchfalse
* \@reversemarginfalse
* (1in=72.27pt=25.4mm, 1cm=28.453pt)

Package caption Info: Begin \AtBeginDocument code.
Package caption Info: hyperref package is loaded.
Package caption Info: End \AtBeginDocument code.
Package hyperref Info: Link coloring OFF on input line 120.
(/usr/share/texlive/texmf-dist/tex/latex/hyperref/nameref.sty
Package: nameref 2021-04-02 v2.47 Cross-referencing by name of section
(/usr/share/texlive/texmf-dist/tex/latex/refcount/refcount.sty
Package: refcount 2019/12/15 v3.6 Data extraction from label references (HO)
) (/usr/share/texlive/texmf-dist/tex/generic/gettitlestring/gettitlestring.sty
Package: gettitlestring 2019/12/15 v1.6 Cleanup title references (HO)
)
\c@section@level=\count336
)
LaTeX Info: Redefining \ref on input line 120.
LaTeX Info: Redefining \pageref on input line 120.
LaTeX Info: Redefining \nameref on input line 120.
LaTeX Font Info:    Font shape `TU/latinmodern-math.otf(1)/m/n' will be
(Font)              scaled to size 12.0pt on input line 122.
LaTeX Font Info:    Font shape `TU/latinmodern-math.otf(1)/m/n' will be
(Font)              scaled to size 8.0pt on input line 122.
LaTeX Font Info:    Font shape `TU/latinmodern-math.otf(1)/m/n' will be
(Font)              scaled to size 6.0pt on input line 122.
LaTeX Font Info:    Trying to load font information for OML+lmm on input line 1
22.
(/usr/share/texmf/tex/latex/lm/omllmm.fd
File: omllmm.fd 2009/10/30 v1.6 Font defs for Latin Modern
)
LaTeX Font Info:    Font shape `TU/latinmodern-math.otf(2)/m/n' will be
(Font)              scaled to size 12.0011pt on input line 122.
LaTeX Font Info:    Font shape `TU/latinmodern-math.otf(2)/m/n' will be
(Font)              scaled to size 8.00073pt on input line 122.
LaTeX Font Info:    Font shape `TU/latinmodern-math.otf(2)/m/n' will be
(Font)              scaled to size 6.00055pt on input line 122.
LaTeX Font Info:    Font shape `TU/latinmodern-math.otf(3)/m/n' will be
(Font)              scaled to size 11.99872pt on input line 122.
LaTeX Font Info:    Font shape `TU/latinmodern-math.otf(3)/m/n' will be
(Font)              scaled to size 7.99915pt on input line 122.
LaTeX Font Info:    Font shape `TU/latinmodern-math.otf(3)/m/n' will be
(Font)              scaled to size 5.99936pt on input line 122.
LaTeX Font Info:    Trying to load font information for U+msa on input line 122
.
(/usr/share/texlive/texmf-dist/tex/latex/amsfonts/umsa.fd
File: umsa.fd 2013/01/14 v3.01 AMS symbols A
) (/usr/share/texlive/texmf-dist/tex/latex/microtype/mt-msa.cfg
File: mt-msa.cfg 2006/02/04 v1.1 microtype config. file: AMS symbols (a) (RS)
)
LaTeX Font Info:    Trying to load font information for U+msb on input line 122
.
(/usr/share/texlive/texmf-dist/tex/latex/amsfonts/umsb.fd
File: umsb.fd 2013/01/14 v3.01 AMS symbols B
) (/usr/share/texlive/texmf-dist/tex/latex/microtype/mt-msb.cfg
File: mt-msb.cfg 2005/06/01 v1.0 microtype config. file: AMS symbols (b) (RS)
) (./packageCodes_of_mcnebula2.toc [1

] [2])
\tf@toc=\write4
\openout4 = `packageCodes_of_mcnebula2.toc'.


Package fontspec Warning: Font "FandolFang-Regular" does not contain requested
(fontspec)                Script "CJK".


Package fontspec Info: FandolFang-Regular scale = 0.941043990458295.


Package fontspec Info: FandolFang-Regular scale = 0.941043990458295.


Package fontspec Info: Font family 'FandolFang-Regular(0)' created for font
(fontspec)             'FandolFang-Regular' with options
(fontspec)             [Scale=MatchLowercase,Script={CJK},Extension={.otf}].
(fontspec)              
(fontspec)              This font family consists of the following NFSS
(fontspec)             series/shapes:
(fontspec)              
(fontspec)             - 'normal' (m/n) with NFSS spec.:
(fontspec)             <->s*[0.941043990458295]"[FandolFang-Regular.otf]/OT:lan
guage=dflt;"
(fontspec)             - 'small caps'  (m/sc) with NFSS spec.: 

LaTeX Font Info:    Font shape `TU/lmtt/bx/n' in size <10> not available
(Font)              Font shape `TU/lmtt/b/n' tried instead on input line 137.

LaTeX Font Warning: Font shape `TU/lmtt/bx/it' in size <10> not available
(Font)              Font shape `TU/lmtt/b/sl' tried instead on input line 137.

[3]
Underfull \vbox (badness 10000) detected at line 462
 []


Underfull \vbox (badness 10000) detected at line 462
 []

[4]
Underfull \vbox (badness 10000) detected at line 462
 []


Underfull \vbox (badness 10000) detected at line 462
 []

[5]
Underfull \vbox (badness 10000) detected at line 462
 []


Underfull \vbox (badness 10000) detected at line 462
 []

[6]
Underfull \vbox (badness 10000) detected at line 462
 []


Underfull \vbox (badness 10000) detected at line 462
 []

[7]
Underfull \vbox (badness 10000) detected at line 462
 []


Underfull \vbox (badness 10000) detected at line 462
 []

[8]
Underfull \vbox (badness 10000) detected at line 462
 []


Underfull \vbox (badness 10000) detected at line 462
 []

[9]
Underfull \vbox (badness 10000) detected at line 462
 []


Underfull \vbox (badness 10000) detected at line 462
 []

[10]
Overfull \vbox (2.08978pt too high) detected at line 500
 []

[11]
Underfull \vbox (badness 10000) detected at line 658
 []

[12]
Underfull \vbox (badness 10000) detected at line 658
 []


Underfull \vbox (badness 10000) detected at line 658
 []

[13]
Underfull \vbox (badness 10000) detected at line 658
 []


Underfull \vbox (badness 10000) detected at line 658
 []

[14]
Underfull \vbox (badness 10000) detected at line 658
 []


Underfull \vbox (badness 10000) detected at line 658
 []

[15] [16]
Underfull \vbox (badness 10000) detected at line 880
 []

[17]
Underfull \vbox (badness 10000) detected at line 880
 []


Underfull \vbox (badness 10000) detected at line 880
 []

[18]
Underfull \vbox (badness 10000) detected at line 880
 []


Underfull \vbox (badness 10000) detected at line 880
 []

[19]
Underfull \vbox (badness 10000) detected at line 880
 []


Underfull \vbox (badness 10000) detected at line 880
 []

[20] [21]
Underfull \vbox (badness 10000) detected at line 977
 []

[22] [23]
Underfull \vbox (badness 10000) detected at line 1210
 []


Underfull \vbox (badness 10000) detected at line 1210
 []

[24]
Underfull \vbox (badness 10000) detected at line 1210
 []


Underfull \vbox (badness 10000) detected at line 1210
 []

[25]
Underfull \vbox (badness 10000) detected at line 1210
 []


Underfull \vbox (badness 10000) detected at line 1210
 []

[26]
Underfull \vbox (badness 10000) detected at line 1210
 []


Underfull \vbox (badness 10000) detected at line 1210
 []

[27] [28]
Underfull \vbox (badness 10000) detected at line 1336
 []


Underfull \vbox (badness 10000) detected at line 1336
 []

[29]
Underfull \vbox (badness 10000) detected at line 1336
 []


Underfull \vbox (badness 10000) detected at line 1336
 []

[30]
Underfull \vbox (badness 10000) detected at line 1576
 []

[31]
Underfull \vbox (badness 10000) detected at line 1576
 []


Underfull \vbox (badness 10000) detected at line 1576
 []

[32]
Underfull \vbox (badness 10000) detected at line 1576
 []


Underfull \vbox (badness 10000) detected at line 1576
 []

[33]
Underfull \vbox (badness 10000) detected at line 1576
 []


Underfull \vbox (badness 10000) detected at line 1576
 []

[34]
Underfull \vbox (badness 10000) detected at line 1576
 []


Underfull \vbox (badness 10000) detected at line 1576
 []

[35]
Underfull \vbox (badness 10000) detected at line 1576
 []


Underfull \vbox (badness 10000) detected at line 1576
 []

[36]
Overfull \vbox (0.57979pt too high) detected at line 1623
 []

[37]
Underfull \vbox (badness 10000) detected at line 1759
 []

[38]
Underfull \vbox (badness 10000) detected at line 1759
 []


Overfull \vbox (1.45148pt too high) detected at line 1759
 []

[39]
Underfull \vbox (badness 10000) detected at line 1759
 []


Underfull \vbox (badness 10000) detected at line 1759
 []

[40]
Overfull \vbox (0.63979pt too high) detected at line 1793
 []

[41]
Underfull \vbox (badness 10000) detected at line 2037
 []

[42]
Underfull \vbox (badness 10000) detected at line 2037
 []


Underfull \vbox (badness 10000) detected at line 2037
 []

[43]
Underfull \vbox (badness 10000) detected at line 2037
 []


Underfull \vbox (badness 10000) detected at line 2037
 []

[44]
Underfull \vbox (badness 10000) detected at line 2037
 []


Underfull \vbox (badness 10000) detected at line 2037
 []

[45]
Underfull \vbox (badness 10000) detected at line 2037
 []


Underfull \vbox (badness 10000) detected at line 2037
 []

[46]
Underfull \vbox (badness 10000) detected at line 2037
 []


Underfull \vbox (badness 10000) detected at line 2037
 []

[47] [48]
Underfull \vbox (badness 10000) detected at line 2176
 []


Underfull \vbox (badness 10000) detected at line 2176
 []

[49]
Underfull \vbox (badness 10000) detected at line 2176
 []


Underfull \vbox (badness 10000) detected at line 2176
 []

[50]
Underfull \vbox (badness 10000) detected at line 2540
 []

[51]
Underfull \vbox (badness 10000) detected at line 2540
 []


Underfull \vbox (badness 10000) detected at line 2540
 []

[52]
Underfull \vbox (badness 10000) detected at line 2540
 []


Underfull \vbox (badness 10000) detected at line 2540
 []

[53]
Underfull \vbox (badness 10000) detected at line 2540
 []


Underfull \vbox (badness 10000) detected at line 2540
 []

[54]
Underfull \vbox (badness 10000) detected at line 2540
 []


Underfull \vbox (badness 10000) detected at line 2540
 []

[55]
Underfull \vbox (badness 10000) detected at line 2540
 []


Underfull \vbox (badness 10000) detected at line 2540
 []

[56]
Underfull \vbox (badness 10000) detected at line 2540
 []


Underfull \vbox (badness 10000) detected at line 2540
 []

[57]
Underfull \vbox (badness 10000) detected at line 2540
 []


Underfull \vbox (badness 10000) detected at line 2540
 []

[58]
Underfull \vbox (badness 10000) detected at line 2540
 []


Underfull \vbox (badness 10000) detected at line 2540
 []

[59] [60]
Underfull \vbox (badness 10000) detected at line 2677
 []

[61]
Underfull \vbox (badness 10000) detected at line 2677
 []


Underfull \vbox (badness 10000) detected at line 2677
 []

[62]
Overfull \vbox (0.63979pt too high) detected at line 2727
 []

[63]
Underfull \vbox (badness 10000) detected at line 2752
 []

[64]
Underfull \vbox (badness 10000) detected at line 2848
 []

[65]
Underfull \vbox (badness 10000) detected at line 2848
 []


Underfull \vbox (badness 10000) detected at line 2848
 []

[66] [67]
Underfull \vbox (badness 10000) detected at line 2963
 []


Underfull \vbox (badness 10000) detected at line 2963
 []

[68] [69]
Underfull \vbox (badness 10000) detected at line 3196
 []

[70]
Underfull \vbox (badness 10000) detected at line 3196
 []


Underfull \vbox (badness 10000) detected at line 3196
 []

[71]
Underfull \vbox (badness 10000) detected at line 3196
 []


Underfull \vbox (badness 10000) detected at line 3196
 []

[72]
Underfull \vbox (badness 10000) detected at line 3196
 []


Underfull \vbox (badness 10000) detected at line 3196
 []

[73]
Underfull \vbox (badness 10000) detected at line 3196
 []


Underfull \vbox (badness 10000) detected at line 3196
 []

[74]
Overfull \vbox (0.63979pt too high) detected at line 3276
 []

[75]
Underfull \vbox (badness 10000) detected at line 3276
 []


Underfull \vbox (badness 10000) detected at line 3276
 []

[76]
Underfull \vbox (badness 10000) detected at line 3449
 []

[77]
Underfull \vbox (badness 10000) detected at line 3449
 []


Underfull \vbox (badness 10000) detected at line 3449
 []

[78]
Underfull \vbox (badness 10000) detected at line 3449
 []


Underfull \vbox (badness 10000) detected at line 3449
 []

[79]
Underfull \vbox (badness 10000) detected at line 3449
 []


Underfull \vbox (badness 10000) detected at line 3449
 []

[80] [81]
Underfull \vbox (badness 10000) detected at line 3600
 []


Underfull \vbox (badness 10000) detected at line 3600
 []

[82]
Underfull \vbox (badness 10000) detected at line 3600
 []


Underfull \vbox (badness 10000) detected at line 3600
 []

[83] [84]
Underfull \vbox (badness 10000) detected at line 3731
 []


Underfull \vbox (badness 10000) detected at line 3731
 []

[85]
Underfull \vbox (badness 10000) detected at line 3731
 []


Underfull \vbox (badness 10000) detected at line 3731
 []

[86]
Underfull \vbox (badness 10000) detected at line 3761
 []

[87] [88]
Underfull \vbox (badness 10000) detected at line 3892
 []


Underfull \vbox (badness 10000) detected at line 3892
 []

[89]
Underfull \vbox (badness 10000) detected at line 3892
 []


Underfull \vbox (badness 10000) detected at line 3892
 []

[90]
Underfull \vbox (badness 10000) detected at line 4368
 []


Overfull \vbox (0.46143pt too high) detected at line 4368
 []

[91]
Underfull \vbox (badness 10000) detected at line 4368
 []


Underfull \vbox (badness 10000) detected at line 4368
 []

[92]
Underfull \vbox (badness 10000) detected at line 4368
 []


Underfull \vbox (badness 10000) detected at line 4368
 []

[93]
Underfull \vbox (badness 10000) detected at line 4368
 []


Underfull \vbox (badness 10000) detected at line 4368
 []

[94]
Underfull \vbox (badness 10000) detected at line 4368
 []


Underfull \vbox (badness 10000) detected at line 4368
 []

[95]
Underfull \vbox (badness 10000) detected at line 4368
 []


Underfull \vbox (badness 10000) detected at line 4368
 []

[96]
Underfull \vbox (badness 10000) detected at line 4368
 []


Underfull \vbox (badness 10000) detected at line 4368
 []

[97]
Underfull \vbox (badness 10000) detected at line 4368
 []


Underfull \vbox (badness 10000) detected at line 4368
 []

[98]
Underfull \vbox (badness 10000) detected at line 4368
 []


Underfull \vbox (badness 10000) detected at line 4368
 []

[99]
Underfull \vbox (badness 10000) detected at line 4368
 []


Underfull \vbox (badness 10000) detected at line 4368
 []

[100]
Underfull \vbox (badness 10000) detected at line 4368
 []


Underfull \vbox (badness 10000) detected at line 4368
 []

[101]
Overfull \vbox (0.63979pt too high) detected at line 4407
 []

[102]
Underfull \vbox (badness 10000) detected at line 4493
 []

[103]
Underfull \vbox (badness 10000) detected at line 4493
 []


Underfull \vbox (badness 10000) detected at line 4493
 []

[104] [105]
Underfull \vbox (badness 10000) detected at line 4647
 []


Underfull \vbox (badness 10000) detected at line 4647
 []

[106]
Underfull \vbox (badness 10000) detected at line 4647
 []


Underfull \vbox (badness 10000) detected at line 4647
 []

[107]
Underfull \vbox (badness 10000) detected at line 4647
 []


Underfull \vbox (badness 10000) detected at line 4647
 []

[108]
Underfull \vbox (badness 10000) detected at line 4878
 []

[109]
Underfull \vbox (badness 10000) detected at line 4878
 []


Underfull \vbox (badness 10000) detected at line 4878
 []

[110]
Underfull \vbox (badness 10000) detected at line 4878
 []


Underfull \vbox (badness 10000) detected at line 4878
 []

[111]
Underfull \vbox (badness 10000) detected at line 4878
 []


Underfull \vbox (badness 10000) detected at line 4878
 []

[112]
Underfull \vbox (badness 10000) detected at line 4878
 []


Underfull \vbox (badness 10000) detected at line 4878
 []

[113]
Overfull \vbox (0.74979pt too high) detected at line 4922
 []

[114]
Overfull \vbox (1.31978pt too high) detected at line 5045
 []

[115]
Underfull \vbox (badness 10000) detected at line 5045
 []


Underfull \vbox (badness 10000) detected at line 5045
 []

[116]
Underfull \vbox (badness 10000) detected at line 5045
 []


Underfull \vbox (badness 10000) detected at line 5045
 []

[117]
Underfull \vbox (badness 10000) detected at line 5123
 []

[118]
Underfull \vbox (badness 10000) detected at line 5123
 []


Underfull \vbox (badness 10000) detected at line 5123
 []

[119]
Overfull \vbox (0.62979pt too high) detected at line 5296
 []

[120]
Underfull \vbox (badness 10000) detected at line 5296
 []


Underfull \vbox (badness 10000) detected at line 5296
 []

[121]
Underfull \vbox (badness 10000) detected at line 5296
 []


Underfull \vbox (badness 10000) detected at line 5296
 []

[122]
Underfull \vbox (badness 10000) detected at line 5296
 []


Underfull \vbox (badness 10000) detected at line 5296
 []

[123]
Overfull \vbox (0.63979pt too high) detected at line 5529
 []

[124]
Underfull \vbox (badness 10000) detected at line 5529
 []


Underfull \vbox (badness 10000) detected at line 5529
 []

[125]
Underfull \vbox (badness 10000) detected at line 5529
 []


Underfull \vbox (badness 10000) detected at line 5529
 []

[126]
Underfull \vbox (badness 10000) detected at line 5529
 []


Underfull \vbox (badness 10000) detected at line 5529
 []

[127]
Underfull \vbox (badness 10000) detected at line 5529
 []


Underfull \vbox (badness 10000) detected at line 5529
 []

[128] [129]
Overfull \vbox (1.26443pt too high) detected at line 6196
 []

[130]
Underfull \vbox (badness 10000) detected at line 6196
 []


Underfull \vbox (badness 10000) detected at line 6196
 []

[131]
Underfull \vbox (badness 10000) detected at line 6196
 []


Underfull \vbox (badness 10000) detected at line 6196
 []

[132]
Underfull \vbox (badness 10000) detected at line 6196
 []


Underfull \vbox (badness 10000) detected at line 6196
 []

[133]
Underfull \vbox (badness 10000) detected at line 6196
 []


Underfull \vbox (badness 10000) detected at line 6196
 []

[134]
Underfull \vbox (badness 10000) detected at line 6196
 []


Underfull \vbox (badness 10000) detected at line 6196
 []

[135]
Underfull \vbox (badness 10000) detected at line 6196
 []


Underfull \vbox (badness 10000) detected at line 6196
 []

[136]
Underfull \vbox (badness 10000) detected at line 6196
 []


Underfull \vbox (badness 10000) detected at line 6196
 []

[137]
Underfull \vbox (badness 10000) detected at line 6196
 []


Underfull \vbox (badness 10000) detected at line 6196
 []

[138]
Underfull \vbox (badness 10000) detected at line 6196
 []


Underfull \vbox (badness 10000) detected at line 6196
 []

[139]
Underfull \vbox (badness 10000) detected at line 6196
 []


Underfull \vbox (badness 10000) detected at line 6196
 []

[140]
Underfull \vbox (badness 10000) detected at line 6196
 []


Overfull \vbox (0.84148pt too high) detected at line 6196
 []

[141]
Underfull \vbox (badness 10000) detected at line 6196
 []


Underfull \vbox (badness 10000) detected at line 6196
 []

[142]
Underfull \vbox (badness 10000) detected at line 6196
 []


Underfull \vbox (badness 10000) detected at line 6196
 []

[143]
Underfull \vbox (badness 10000) detected at line 6196
 []


Underfull \vbox (badness 10000) detected at line 6196
 []

[144]
Underfull \vbox (badness 10000) detected at line 6196
 []


Underfull \vbox (badness 10000) detected at line 6196
 []

[145] [146]
Underfull \vbox (badness 10000) detected at line 6376
 []


Underfull \vbox (badness 10000) detected at line 6376
 []

[147]
Underfull \vbox (badness 10000) detected at line 6376
 []


Underfull \vbox (badness 10000) detected at line 6376
 []

[148]
Underfull \vbox (badness 10000) detected at line 6376
 []


Overfull \vbox (1.46147pt too high) detected at line 6376
 []

[149]

LaTeX Font Warning: Font shape `TU/FandolFang-Regular(0)/m/it' undefined
(Font)              using `TU/FandolFang-Regular(0)/m/n' instead on input line 
6585.

LaTeX Font Info:    Font shape `TU/FandolFang-Regular(0)/m/n' will be
(Font)              scaled to size 9.4104pt on input line 6585.

Overfull \vbox (0.63979pt too high) detected at line 6630
 []

[150]
Underfull \vbox (badness 10000) detected at line 6630
 []


Underfull \vbox (badness 10000) detected at line 6630
 []

[151]
Underfull \vbox (badness 10000) detected at line 6630
 []


Underfull \vbox (badness 10000) detected at line 6630
 []

[152]
Underfull \vbox (badness 10000) detected at line 6630
 []


Underfull \vbox (badness 10000) detected at line 6630
 []

[153]
Underfull \vbox (badness 10000) detected at line 6630
 []


Underfull \vbox (badness 10000) detected at line 6630
 []

[154]
Underfull \vbox (badness 10000) detected at line 6630
 []


Underfull \vbox (badness 10000) detected at line 6630
 []

[155]
Overfull \vbox (0.63979pt too high) detected at line 6790
 []

[156]
Underfull \vbox (badness 10000) detected at line 6790
 []


Underfull \vbox (badness 10000) detected at line 6790
 []

[157]
Underfull \vbox (badness 10000) detected at line 6790
 []


Underfull \vbox (badness 10000) detected at line 6790
 []

[158]
Underfull \vbox (badness 10000) detected at line 6790
 []


Underfull \vbox (badness 10000) detected at line 6790
 []

[159] [160] [161]
Underfull \vbox (badness 10000) detected at line 7106
 []


Underfull \vbox (badness 10000) detected at line 7106
 []

[162]
Underfull \vbox (badness 10000) detected at line 7106
 []


Underfull \vbox (badness 10000) detected at line 7106
 []

[163]
Underfull \vbox (badness 10000) detected at line 7106
 []


Underfull \vbox (badness 10000) detected at line 7106
 []

[164]
Underfull \vbox (badness 10000) detected at line 7106
 []


Overfull \vbox (0.56148pt too high) detected at line 7106
 []

[165]
Underfull \vbox (badness 10000) detected at line 7106
 []


Underfull \vbox (badness 10000) detected at line 7106
 []

[166]
Overfull \vbox (0.63979pt too high) detected at line 7233
 []

[167]
Underfull \vbox (badness 10000) detected at line 7233
 []


Underfull \vbox (badness 10000) detected at line 7233
 []

[168]
Underfull \vbox (badness 10000) detected at line 7233
 []


Overfull \vbox (1.45148pt too high) detected at line 7233
 []

[169]
Overfull \vbox (0.64978pt too high) detected at line 7392
 []

[170]
Underfull \vbox (badness 10000) detected at line 7392
 []


Underfull \vbox (badness 10000) detected at line 7392
 []

[171]
Underfull \vbox (badness 10000) detected at line 7392
 []


Underfull \vbox (badness 10000) detected at line 7392
 []

[172]
Underfull \vbox (badness 10000) detected at line 7392
 []


Underfull \vbox (badness 10000) detected at line 7392
 []

[173]
Overfull \vbox (0.86978pt too high) detected at line 7790
 []

[174]
Underfull \vbox (badness 10000) detected at line 7790
 []


Underfull \vbox (badness 10000) detected at line 7790
 []

[175]
Underfull \vbox (badness 10000) detected at line 7790
 []


Underfull \vbox (badness 10000) detected at line 7790
 []

[176]
Underfull \vbox (badness 10000) detected at line 7790
 []


Underfull \vbox (badness 10000) detected at line 7790
 []

[177]
Underfull \vbox (badness 10000) detected at line 7790
 []


Underfull \vbox (badness 10000) detected at line 7790
 []

[178]
Underfull \vbox (badness 10000) detected at line 7790
 []


Underfull \vbox (badness 10000) detected at line 7790
 []

[179]
Underfull \vbox (badness 10000) detected at line 7790
 []


Underfull \vbox (badness 10000) detected at line 7790
 []

[180]
Underfull \vbox (badness 10000) detected at line 7790
 []


Underfull \vbox (badness 10000) detected at line 7790
 []

[181]
Underfull \vbox (badness 10000) detected at line 7790
 []


Underfull \vbox (badness 10000) detected at line 7790
 []

[182] [183]
Underfull \vbox (badness 10000) detected at line 7917
 []


Underfull \vbox (badness 10000) detected at line 7917
 []

[184]
Underfull \vbox (badness 10000) detected at line 7917
 []


Underfull \vbox (badness 10000) detected at line 7917
 []

[185] [186]
Underfull \vbox (badness 10000) detected at line 8035
 []


Underfull \vbox (badness 10000) detected at line 8035
 []

[187]
Underfull \vbox (badness 10000) detected at line 8035
 []


Underfull \vbox (badness 10000) detected at line 8035
 []

[188] [189]
Underfull \vbox (badness 10000) detected at line 8260
 []


Underfull \vbox (badness 10000) detected at line 8260
 []

[190]
Underfull \vbox (badness 10000) detected at line 8260
 []


Underfull \vbox (badness 10000) detected at line 8260
 []

[191]
Underfull \vbox (badness 10000) detected at line 8260
 []


Underfull \vbox (badness 10000) detected at line 8260
 []

[192]
Underfull \vbox (badness 10000) detected at line 8260
 []


Underfull \vbox (badness 10000) detected at line 8260
 []

[193] [194]
Overfull \vbox (1.87444pt too high) detected at line 8495
 []

[195]
Underfull \vbox (badness 10000) detected at line 8495
 []


Underfull \vbox (badness 10000) detected at line 8495
 []

[196]
Underfull \vbox (badness 10000) detected at line 8495
 []


Underfull \vbox (badness 10000) detected at line 8495
 []

[197]
Underfull \vbox (badness 10000) detected at line 8495
 []


Underfull \vbox (badness 10000) detected at line 8495
 []

[198]
Underfull \vbox (badness 10000) detected at line 8495
 []


Underfull \vbox (badness 10000) detected at line 8495
 []

[199]
Overfull \vbox (0.63979pt too high) detected at line 8648
 []

[200]
Underfull \vbox (badness 10000) detected at line 8648
 []


Underfull \vbox (badness 10000) detected at line 8648
 []

[201]
Underfull \vbox (badness 10000) detected at line 8648
 []


Underfull \vbox (badness 10000) detected at line 8648
 []

[202]
Underfull \vbox (badness 10000) detected at line 8648
 []


Underfull \vbox (badness 10000) detected at line 8648
 []

[203]
Overfull \vbox (0.63979pt too high) detected at line 8788
 []

[204]
Underfull \vbox (badness 10000) detected at line 8788
 []


Underfull \vbox (badness 10000) detected at line 8788
 []

[205]
Underfull \vbox (badness 10000) detected at line 8788
 []


Underfull \vbox (badness 10000) detected at line 8788
 []

[206] [207]
Underfull \vbox (badness 10000) detected at line 8926
 []


Underfull \vbox (badness 10000) detected at line 8926
 []

[208]
Underfull \vbox (badness 10000) detected at line 8926
 []


Underfull \vbox (badness 10000) detected at line 8926
 []

[209] [210]
Underfull \vbox (badness 10000) detected at line 9128
 []


Underfull \vbox (badness 10000) detected at line 9128
 []

[211]
Underfull \vbox (badness 10000) detected at line 9128
 []


Underfull \vbox (badness 10000) detected at line 9128
 []

[212]
Underfull \vbox (badness 10000) detected at line 9128
 []


Underfull \vbox (badness 10000) detected at line 9128
 []

[213]
Underfull \vbox (badness 10000) detected at line 9128
 []


Underfull \vbox (badness 10000) detected at line 9128
 []

[214]
Overfull \vbox (0.63979pt too high) detected at line 9227
 []

[215]
Underfull \vbox (badness 10000) detected at line 9227
 []


Underfull \vbox (badness 10000) detected at line 9227
 []

[216] [217]
Underfull \vbox (badness 10000) detected at line 9360
 []


Underfull \vbox (badness 10000) detected at line 9360
 []

[218]
Underfull \vbox (badness 10000) detected at line 9360
 []


Underfull \vbox (badness 10000) detected at line 9360
 []

[219] [220]
Overfull \vbox (1.95444pt too high) detected at line 9635
 []

[221]
Underfull \vbox (badness 10000) detected at line 9635
 []


Underfull \vbox (badness 10000) detected at line 9635
 []

[222]
Underfull \vbox (badness 10000) detected at line 9635
 []


Underfull \vbox (badness 10000) detected at line 9635
 []

[223]
Underfull \vbox (badness 10000) detected at line 9635
 []


Underfull \vbox (badness 10000) detected at line 9635
 []

[224]
Underfull \vbox (badness 10000) detected at line 9635
 []


Underfull \vbox (badness 10000) detected at line 9635
 []

[225]
Underfull \vbox (badness 10000) detected at line 9635
 []


Underfull \vbox (badness 10000) detected at line 9635
 []

[226]
Overfull \vbox (0.63979pt too high) detected at line 9788
 []

[227]
Underfull \vbox (badness 10000) detected at line 9788
 []


Underfull \vbox (badness 10000) detected at line 9788
 []

[228]
Underfull \vbox (badness 10000) detected at line 9788
 []


Underfull \vbox (badness 10000) detected at line 9788
 []

[229]
Underfull \vbox (badness 10000) detected at line 9788
 []


Underfull \vbox (badness 10000) detected at line 9788
 []

[230]
Overfull \vbox (0.63979pt too high) detected at line 10184
 []

[231]
Underfull \vbox (badness 10000) detected at line 10184
 []


Underfull \vbox (badness 10000) detected at line 10184
 []

[232]
Underfull \vbox (badness 10000) detected at line 10184
 []


Underfull \vbox (badness 10000) detected at line 10184
 []

[233]
Underfull \vbox (badness 10000) detected at line 10184
 []


Underfull \vbox (badness 10000) detected at line 10184
 []

[234]
Underfull \vbox (badness 10000) detected at line 10184
 []


Underfull \vbox (badness 10000) detected at line 10184
 []

[235]
Underfull \vbox (badness 10000) detected at line 10184
 []


Underfull \vbox (badness 10000) detected at line 10184
 []

[236]
Underfull \vbox (badness 10000) detected at line 10184
 []


Underfull \vbox (badness 10000) detected at line 10184
 []

[237]
Underfull \vbox (badness 10000) detected at line 10184
 []


Underfull \vbox (badness 10000) detected at line 10184
 []

[238]
Underfull \vbox (badness 10000) detected at line 10184
 []


Underfull \vbox (badness 10000) detected at line 10184
 []

[239]
Overfull \vbox (0.63979pt too high) detected at line 10332
 []

[240]
Underfull \vbox (badness 10000) detected at line 10332
 []


Underfull \vbox (badness 10000) detected at line 10332
 []

[241]
Underfull \vbox (badness 10000) detected at line 10332
 []


Underfull \vbox (badness 10000) detected at line 10332
 []

[242]
Underfull \vbox (badness 10000) detected at line 10332
 []


Underfull \vbox (badness 10000) detected at line 10332
 []

[243] [244]
Underfull \vbox (badness 10000) detected at line 10492
 []


Underfull \vbox (badness 10000) detected at line 10492
 []

[245]
Underfull \vbox (badness 10000) detected at line 10492
 []


Underfull \vbox (badness 10000) detected at line 10492
 []

[246] [247]
Overfull \vbox (1.34444pt too high) detected at line 10610
 []

[248]
Underfull \vbox (badness 10000) detected at line 10610
 []


Underfull \vbox (badness 10000) detected at line 10610
 []

[249] [250]
Underfull \vbox (badness 10000) detected at line 10785
 []


Underfull \vbox (badness 10000) detected at line 10785
 []

[251]
Underfull \vbox (badness 10000) detected at line 10785
 []


Underfull \vbox (badness 10000) detected at line 10785
 []

[252]
Underfull \vbox (badness 10000) detected at line 10785
 []


Underfull \vbox (badness 10000) detected at line 10785
 []

[253] [254]
Underfull \vbox (badness 10000) detected at line 11126
 []


Underfull \vbox (badness 10000) detected at line 11126
 []

[255]
Underfull \vbox (badness 10000) detected at line 11126
 []


Underfull \vbox (badness 10000) detected at line 11126
 []

[256]
Underfull \vbox (badness 10000) detected at line 11126
 []


Underfull \vbox (badness 10000) detected at line 11126
 []

[257]
Underfull \vbox (badness 10000) detected at line 11126
 []

[258]
Underfull \vbox (badness 10000) detected at line 11126
 []


Underfull \vbox (badness 10000) detected at line 11126
 []

[259]
Underfull \vbox (badness 10000) detected at line 11126
 []


Underfull \vbox (badness 10000) detected at line 11126
 []

[260]
Underfull \vbox (badness 10000) detected at line 11126
 []


Underfull \vbox (badness 10000) detected at line 11126
 []

[261]
Underfull \vbox (badness 10000) detected at line 11126
 []


Underfull \vbox (badness 10000) detected at line 11126
 []

[262]
Overfull \vbox (0.57979pt too high) detected at line 11397
 []

[263]
Underfull \vbox (badness 10000) detected at line 11397
 []


Underfull \vbox (badness 10000) detected at line 11397
 []

[264]
Underfull \vbox (badness 10000) detected at line 11397
 []


Underfull \vbox (badness 10000) detected at line 11397
 []

[265]
Underfull \vbox (badness 10000) detected at line 11397
 []


Underfull \vbox (badness 10000) detected at line 11397
 []

[266]
Underfull \vbox (badness 10000) detected at line 11397
 []


Underfull \vbox (badness 10000) detected at line 11397
 []

[267]
Underfull \vbox (badness 10000) detected at line 11397
 []


Overfull \vbox (1.45148pt too high) detected at line 11397
 []

[268]
Overfull \vbox (0.64978pt too high) detected at line 11645
 []

[269]
Underfull \vbox (badness 10000) detected at line 11645
 []


Underfull \vbox (badness 10000) detected at line 11645
 []

[270]
Underfull \vbox (badness 10000) detected at line 11645
 []


Underfull \vbox (badness 10000) detected at line 11645
 []

[271]
Underfull \vbox (badness 10000) detected at line 11645
 []


Underfull \vbox (badness 10000) detected at line 11645
 []

[272]
Underfull \vbox (badness 10000) detected at line 11645
 []


Underfull \vbox (badness 10000) detected at line 11645
 []

[273]
Underfull \vbox (badness 10000) detected at line 11645
 []


Underfull \vbox (badness 10000) detected at line 11645
 []

[274]
Overfull \vbox (2.10977pt too high) detected at line 11693
 []

[275] [276]
Underfull \vbox (badness 10000) detected at line 11858
 []


Underfull \vbox (badness 10000) detected at line 11858
 []

[277]
Underfull \vbox (badness 10000) detected at line 11858
 []


Underfull \vbox (badness 10000) detected at line 11858
 []

[278]
Underfull \vbox (badness 10000) detected at line 11858
 []


Underfull \vbox (badness 10000) detected at line 11858
 []

[279] [280] [281] [282]
Underfull \vbox (badness 10000) detected at line 12277
 []


Underfull \vbox (badness 10000) detected at line 12277
 []

[283]
Underfull \vbox (badness 10000) detected at line 12277
 []


Underfull \vbox (badness 10000) detected at line 12277
 []

[284]
Underfull \vbox (badness 10000) detected at line 12277
 []


Underfull \vbox (badness 10000) detected at line 12277
 []

[285]
Underfull \vbox (badness 10000) detected at line 12277
 []


Underfull \vbox (badness 10000) detected at line 12277
 []

[286]
Underfull \vbox (badness 10000) detected at line 12277
 []


Underfull \vbox (badness 10000) detected at line 12277
 []

[287]
Underfull \vbox (badness 10000) detected at line 12277
 []


Underfull \vbox (badness 10000) detected at line 12277
 []

[288]
Underfull \vbox (badness 10000) detected at line 12277
 []


Underfull \vbox (badness 10000) detected at line 12277
 []

[289]
Underfull \vbox (badness 2772) detected at line 12421
 []

[290]
Underfull \vbox (badness 10000) detected at line 12421
 []


Underfull \vbox (badness 10000) detected at line 12421
 []

[291]
Underfull \vbox (badness 10000) detected at line 12421
 []


Underfull \vbox (badness 10000) detected at line 12421
 []

[292]
Overfull \vbox (0.64978pt too high) detected at line 12547
 []

[293]
Underfull \vbox (badness 10000) detected at line 12547
 []


Underfull \vbox (badness 10000) detected at line 12547
 []

[294]
Underfull \vbox (badness 10000) detected at line 12547
 []


Underfull \vbox (badness 10000) detected at line 12547
 []

[295] [296]
Underfull \vbox (badness 10000) detected at line 12659
 []


Underfull \vbox (badness 10000) detected at line 12659
 []

[297] [298]
Underfull \vbox (badness 10000) detected at line 12865
 []


Underfull \vbox (badness 10000) detected at line 12865
 []

[299]
Underfull \vbox (badness 10000) detected at line 12865
 []


Underfull \vbox (badness 10000) detected at line 12865
 []

[300]
Underfull \vbox (badness 10000) detected at line 12865
 []


Underfull \vbox (badness 10000) detected at line 12865
 []

[301]
Underfull \vbox (badness 10000) detected at line 12865
 []

[302]
Underfull \vbox (badness 10000) detected at line 12975
 []

[303]
Underfull \vbox (badness 10000) detected at line 12975
 []


Underfull \vbox (badness 10000) detected at line 12975
 []

[304]
Underfull \vbox (badness 10000) detected at line 12975
 []


Underfull \vbox (badness 10000) detected at line 12975
 []

[305]
Underfull \vbox (badness 10000) detected at line 13091
 []

[306]
Underfull \vbox (badness 10000) detected at line 13091
 []


Underfull \vbox (badness 10000) detected at line 13091
 []

[307]
Underfull \vbox (badness 10000) detected at line 13091
 []


Underfull \vbox (badness 10000) detected at line 13091
 []

[308]
Underfull \vbox (badness 10000) detected at line 13384
 []

[309]
Underfull \vbox (badness 10000) detected at line 13384
 []


Underfull \vbox (badness 10000) detected at line 13384
 []

[310]
Underfull \vbox (badness 10000) detected at line 13384
 []


Underfull \vbox (badness 10000) detected at line 13384
 []

[311]
Underfull \vbox (badness 10000) detected at line 13384
 []


Underfull \vbox (badness 10000) detected at line 13384
 []

[312]
Underfull \vbox (badness 10000) detected at line 13384
 []


Underfull \vbox (badness 10000) detected at line 13384
 []

[313]
Underfull \vbox (badness 10000) detected at line 13384
 []


Underfull \vbox (badness 10000) detected at line 13384
 []

[314]
Underfull \vbox (badness 10000) detected at line 13384
 []


Underfull \vbox (badness 10000) detected at line 13384
 []

[315] [316]
Underfull \vbox (badness 10000) detected at line 13824
 []


Underfull \vbox (badness 10000) detected at line 13824
 []

[317]
Underfull \vbox (badness 10000) detected at line 13824
 []


Underfull \vbox (badness 10000) detected at line 13824
 []

[318]
Underfull \vbox (badness 10000) detected at line 13824
 []


Underfull \vbox (badness 10000) detected at line 13824
 []

[319]
Underfull \vbox (badness 10000) detected at line 13824
 []


Underfull \vbox (badness 10000) detected at line 13824
 []

[320]
Underfull \vbox (badness 10000) detected at line 13824
 []


Underfull \vbox (badness 10000) detected at line 13824
 []

[321]
Underfull \vbox (badness 10000) detected at line 13824
 []


Underfull \vbox (badness 10000) detected at line 13824
 []

[322]
Underfull \vbox (badness 10000) detected at line 13824
 []


Underfull \vbox (badness 10000) detected at line 13824
 []

[323]
Underfull \vbox (badness 10000) detected at line 13824
 []


Underfull \vbox (badness 10000) detected at line 13824
 []

[324]
Underfull \vbox (badness 10000) detected at line 13824
 []


Overfull \vbox (1.45148pt too high) detected at line 13824
 []

[325] [326] [327] (./packageCodes_of_mcnebula2.aux)

LaTeX Font Warning: Some font shapes were not available, defaults substituted.

 ) 
Here is how much of TeX's memory you used:
 22305 strings out of 476191
 428821 string characters out of 5812073
 1022642 words of memory out of 5000000
 42742 multiletter control sequences out of 15000+600000
 473471 words of font info for 71 fonts, out of 8000000 for 9000
 1348 hyphenation exceptions out of 8191
 86i,5n,121p,1022b,423s stack positions out of 5000i,500n,10000p,200000b,80000s

Output written on packageCodes_of_mcnebula2.pdf (327 pages).
