This is XeTeX, Version 3.141592653-2.6-0.999993 (TeX Live 2022/dev/Debian) (preloaded format=xelatex 2023.6.29)  17 JUL 2023 09:17
entering extended mode
 restricted \write18 enabled.
 %&-line parsing enabled.
**output.tex
(./output.tex
LaTeX2e <2021-11-15> patch level 1
L3 programming layer <2022-01-21> (/usr/share/texlive/texmf-dist/tex/latex/base
/article.cls
Document Class: article 2021/10/04 v1.4n Standard LaTeX document class
(/usr/share/texlive/texmf-dist/tex/latex/base/size10.clo
File: size10.clo 2021/10/04 v1.4n Standard LaTeX file (size option)
)
\c@part=\count181
\c@section=\count182
\c@subsection=\count183
\c@subsubsection=\count184
\c@paragraph=\count185
\c@subparagraph=\count186
\c@figure=\count187
\c@table=\count188
\abovecaptionskip=\skip47
\belowcaptionskip=\skip48
\bibindent=\dimen138
) (/usr/share/texmf/tex/latex/lm/lmodern.sty
Package: lmodern 2009/10/30 v1.6 Latin Modern Fonts
LaTeX Font Info:    Overwriting symbol font `operators' in version `normal'
(Font)                  OT1/cmr/m/n --> OT1/lmr/m/n on input line 22.
LaTeX Font Info:    Overwriting symbol font `letters' in version `normal'
(Font)                  OML/cmm/m/it --> OML/lmm/m/it on input line 23.
LaTeX Font Info:    Overwriting symbol font `symbols' in version `normal'
(Font)                  OMS/cmsy/m/n --> OMS/lmsy/m/n on input line 24.
LaTeX Font Info:    Overwriting symbol font `largesymbols' in version `normal'
(Font)                  OMX/cmex/m/n --> OMX/lmex/m/n on input line 25.
LaTeX Font Info:    Overwriting symbol font `operators' in version `bold'
(Font)                  OT1/cmr/bx/n --> OT1/lmr/bx/n on input line 26.
LaTeX Font Info:    Overwriting symbol font `letters' in version `bold'
(Font)                  OML/cmm/b/it --> OML/lmm/b/it on input line 27.
LaTeX Font Info:    Overwriting symbol font `symbols' in version `bold'
(Font)                  OMS/cmsy/b/n --> OMS/lmsy/b/n on input line 28.
LaTeX Font Info:    Overwriting symbol font `largesymbols' in version `bold'
(Font)                  OMX/cmex/m/n --> OMX/lmex/m/n on input line 29.
LaTeX Font Info:    Overwriting math alphabet `\mathbf' in version `normal'
(Font)                  OT1/cmr/bx/n --> OT1/lmr/bx/n on input line 31.
LaTeX Font Info:    Overwriting math alphabet `\mathsf' in version `normal'
(Font)                  OT1/cmss/m/n --> OT1/lmss/m/n on input line 32.
LaTeX Font Info:    Overwriting math alphabet `\mathit' in version `normal'
(Font)                  OT1/cmr/m/it --> OT1/lmr/m/it on input line 33.
LaTeX Font Info:    Overwriting math alphabet `\mathtt' in version `normal'
(Font)                  OT1/cmtt/m/n --> OT1/lmtt/m/n on input line 34.
LaTeX Font Info:    Overwriting math alphabet `\mathbf' in version `bold'
(Font)                  OT1/cmr/bx/n --> OT1/lmr/bx/n on input line 35.
LaTeX Font Info:    Overwriting math alphabet `\mathsf' in version `bold'
(Font)                  OT1/cmss/bx/n --> OT1/lmss/bx/n on input line 36.
LaTeX Font Info:    Overwriting math alphabet `\mathit' in version `bold'
(Font)                  OT1/cmr/bx/it --> OT1/lmr/bx/it on input line 37.
LaTeX Font Info:    Overwriting math alphabet `\mathtt' in version `bold'
(Font)                  OT1/cmtt/m/n --> OT1/lmtt/m/n on input line 38.
) (/usr/share/texlive/texmf-dist/tex/latex/amsfonts/amssymb.sty
Package: amssymb 2013/01/14 v3.01 AMS font symbols
(/usr/share/texlive/texmf-dist/tex/latex/amsfonts/amsfonts.sty
Package: amsfonts 2013/01/14 v3.01 Basic AMSFonts support
\@emptytoks=\toks16
\symAMSa=\mathgroup4
\symAMSb=\mathgroup5
LaTeX Font Info:    Redeclaring math symbol \hbar on input line 98.
LaTeX Font Info:    Overwriting math alphabet `\mathfrak' in version `bold'
(Font)                  U/euf/m/n --> U/euf/b/n on input line 106.
)) (/usr/share/texlive/texmf-dist/tex/latex/amsmath/amsmath.sty
Package: amsmath 2021/10/15 v2.17l AMS math features
\@mathmargin=\skip49
For additional information on amsmath, use the `?' option.
(/usr/share/texlive/texmf-dist/tex/latex/amsmath/amstext.sty
Package: amstext 2021/08/26 v2.01 AMS text
(/usr/share/texlive/texmf-dist/tex/latex/amsmath/amsgen.sty
File: amsgen.sty 1999/11/30 v2.0 generic functions
\@emptytoks=\toks17
\ex@=\dimen139
)) (/usr/share/texlive/texmf-dist/tex/latex/amsmath/amsbsy.sty
Package: amsbsy 1999/11/29 v1.2d Bold Symbols
\pmbraise@=\dimen140
) (/usr/share/texlive/texmf-dist/tex/latex/amsmath/amsopn.sty
Package: amsopn 2021/08/26 v2.02 operator names
)
\inf@bad=\count189
LaTeX Info: Redefining \frac on input line 234.
\uproot@=\count190
\leftroot@=\count191
LaTeX Info: Redefining \overline on input line 399.
\classnum@=\count192
\DOTSCASE@=\count193
LaTeX Info: Redefining \ldots on input line 496.
LaTeX Info: Redefining \dots on input line 499.
LaTeX Info: Redefining \cdots on input line 620.
\Mathstrutbox@=\box50
\strutbox@=\box51
\big@size=\dimen141
LaTeX Font Info:    Redeclaring font encoding OML on input line 743.
LaTeX Font Info:    Redeclaring font encoding OMS on input line 744.
\macc@depth=\count194
\c@MaxMatrixCols=\count195
\dotsspace@=\muskip16
\c@parentequation=\count196
\dspbrk@lvl=\count197
\tag@help=\toks18
\row@=\count198
\column@=\count199
\maxfields@=\count266
\andhelp@=\toks19
\eqnshift@=\dimen142
\alignsep@=\dimen143
\tagshift@=\dimen144
\tagwidth@=\dimen145
\totwidth@=\dimen146
\lineht@=\dimen147
\@envbody=\toks20
\multlinegap=\skip50
\multlinetaggap=\skip51
\mathdisplay@stack=\toks21
LaTeX Info: Redefining \[ on input line 2938.
LaTeX Info: Redefining \] on input line 2939.
) (/usr/share/texlive/texmf-dist/tex/generic/iftex/ifxetex.sty
Package: ifxetex 2019/10/25 v0.7 ifxetex legacy package. Use iftex instead.
(/usr/share/texlive/texmf-dist/tex/generic/iftex/iftex.sty
Package: iftex 2020/03/06 v1.0d TeX engine tests
)) (/usr/share/texlive/texmf-dist/tex/generic/iftex/ifluatex.sty
Package: ifluatex 2019/10/25 v1.5 ifluatex legacy package. Use iftex instead.
) (/usr/share/texlive/texmf-dist/tex/latex/unicode-math/unicode-math.sty (/usr/
share/texlive/texmf-dist/tex/latex/l3kernel/expl3.sty
Package: expl3 2022-01-21 L3 programming layer (loader) 
(/usr/share/texlive/texmf-dist/tex/latex/l3backend/l3backend-xetex.def
File: l3backend-xetex.def 2022-01-12 L3 backend support: XeTeX
(|extractbb --version)
\c__kernel_sys_dvipdfmx_version_int=\count267
\l__color_backend_stack_int=\count268
\g__color_backend_stack_int=\count269
\g__graphics_track_int=\count270
\l__pdf_internal_box=\box52
\g__pdf_backend_object_int=\count271
\g__pdf_backend_annotation_int=\count272
\g__pdf_backend_link_int=\count273
))
Package: unicode-math 2020/01/31 v0.8q Unicode maths in XeLaTeX and LuaLaTeX
(/usr/share/texlive/texmf-dist/tex/latex/unicode-math/unicode-math-xetex.sty
Package: unicode-math-xetex 2020/01/31 v0.8q Unicode maths in XeLaTeX and LuaLa
TeX
(/usr/share/texlive/texmf-dist/tex/latex/l3packages/xparse/xparse.sty
Package: xparse 2022-01-12 L3 Experimental document command parser
) (/usr/share/texlive/texmf-dist/tex/latex/l3packages/l3keys2e/l3keys2e.sty
Package: l3keys2e 2022-01-12 LaTeX2e option processing using LaTeX3 keys
) (/usr/share/texlive/texmf-dist/tex/latex/fontspec/fontspec.sty
Package: fontspec 2022/01/15 v2.8a Font selection for XeLaTeX and LuaLaTeX
(/usr/share/texlive/texmf-dist/tex/latex/fontspec/fontspec-xetex.sty
Package: fontspec-xetex 2022/01/15 v2.8a Font selection for XeLaTeX and LuaLaTe
X
\l__fontspec_script_int=\count274
\l__fontspec_language_int=\count275
\l__fontspec_strnum_int=\count276
\l__fontspec_tmp_int=\count277
\l__fontspec_tmpa_int=\count278
\l__fontspec_tmpb_int=\count279
\l__fontspec_tmpc_int=\count280
\l__fontspec_em_int=\count281
\l__fontspec_emdef_int=\count282
\l__fontspec_strong_int=\count283
\l__fontspec_strongdef_int=\count284
\l__fontspec_tmpa_dim=\dimen148
\l__fontspec_tmpb_dim=\dimen149
\l__fontspec_tmpc_dim=\dimen150
(/usr/share/texlive/texmf-dist/tex/latex/base/fontenc.sty
Package: fontenc 2021/04/29 v2.0v Standard LaTeX package
) (/usr/share/texlive/texmf-dist/tex/latex/fontspec/fontspec.cfg))) (/usr/share
/texlive/texmf-dist/tex/latex/base/fix-cm.sty
Package: fix-cm 2020/11/24 v1.1t fixes to LaTeX
(/usr/share/texlive/texmf-dist/tex/latex/base/ts1enc.def
File: ts1enc.def 2001/06/05 v3.0e (jk/car/fm) Standard LaTeX file
LaTeX Font Info:    Redeclaring font encoding TS1 on input line 47.
))
\g__um_fam_int=\count285
\g__um_fonts_used_int=\count286
\l__um_primecount_int=\count287
\g__um_primekern_muskip=\muskip17
(/usr/share/texlive/texmf-dist/tex/latex/unicode-math/unicode-math-table.tex)))
(/usr/share/texlive/texmf-dist/tex/latex/upquote/upquote.sty
Package: upquote 2012/04/19 v1.3 upright-quote and grave-accent glyphs in verba
tim
(/usr/share/texlive/texmf-dist/tex/latex/base/textcomp.sty
Package: textcomp 2020/02/02 v2.0n Standard LaTeX package
)) (/usr/share/texlive/texmf-dist/tex/latex/microtype/microtype.sty
Package: microtype 2021/12/10 v3.0b Micro-typographical refinements (RS)
(/usr/share/texlive/texmf-dist/tex/latex/graphics/keyval.sty
Package: keyval 2014/10/28 v1.15 key=value parser (DPC)
\KV@toks@=\toks22
) (/usr/share/texlive/texmf-dist/tex/latex/etoolbox/etoolbox.sty
Package: etoolbox 2020/10/05 v2.5k e-TeX tools for LaTeX (JAW)
\etb@tempcnta=\count288
)
\MT@toks=\toks23
\MT@count=\count289
\MT@tempbox=\box53
LaTeX Info: Redefining \leftprotrusion on input line 1010.
LaTeX Info: Redefining \rightprotrusion on input line 1018.
LaTeX Info: Redefining \textls on input line 1173.
\MT@outer@kern=\dimen151
LaTeX Info: Redefining \textmicrotypecontext on input line 1759.
\MT@listname@count=\count290
(/usr/share/texlive/texmf-dist/tex/latex/microtype/microtype-xetex.def
File: microtype-xetex.def 2021/12/10 v3.0b Definitions specific to xetex (RS)
LaTeX Info: Redefining \lsstyle on input line 234.
)
Package microtype Info: Loading configuration file microtype.cfg.
(/usr/share/texlive/texmf-dist/tex/latex/microtype/microtype.cfg
File: microtype.cfg 2021/12/10 v3.0b microtype main configuration file (RS)
)) (/usr/share/texlive/texmf-dist/tex/latex/parskip/parskip.sty
Package: parskip 2021-03-14 v2.0h non-zero parskip adjustments
(/usr/share/texlive/texmf-dist/tex/latex/kvoptions/kvoptions.sty
Package: kvoptions 2020-10-07 v3.14 Key value format for package options (HO)
(/usr/share/texlive/texmf-dist/tex/generic/ltxcmds/ltxcmds.sty
Package: ltxcmds 2020-05-10 v1.25 LaTeX kernel commands for general use (HO)
) (/usr/share/texlive/texmf-dist/tex/generic/kvsetkeys/kvsetkeys.sty
Package: kvsetkeys 2019/12/15 v1.18 Key value parser (HO)
))) (/usr/share/texlive/texmf-dist/tex/latex/xcolor/xcolor.sty
Package: xcolor 2021/10/31 v2.13 LaTeX color extensions (UK)
(/usr/share/texlive/texmf-dist/tex/latex/graphics-cfg/color.cfg
File: color.cfg 2016/01/02 v1.6 sample color configuration
)
Package xcolor Info: Driver file: xetex.def on input line 227.
(/usr/share/texlive/texmf-dist/tex/latex/graphics-def/xetex.def
File: xetex.def 2021/03/18 v5.0k Graphics/color driver for xetex
)
Package xcolor Info: Model `cmy' substituted by `cmy0' on input line 1352.
Package xcolor Info: Model `RGB' extended on input line 1368.
Package xcolor Info: Model `HTML' substituted by `rgb' on input line 1370.
Package xcolor Info: Model `Hsb' substituted by `hsb' on input line 1371.
Package xcolor Info: Model `tHsb' substituted by `hsb' on input line 1372.
Package xcolor Info: Model `HSB' substituted by `hsb' on input line 1373.
Package xcolor Info: Model `Gray' substituted by `gray' on input line 1374.
Package xcolor Info: Model `wave' substituted by `hsb' on input line 1375.
) (/usr/share/texlive/texmf-dist/tex/latex/xurl/xurl.sty
Package: xurl 2022/01/09 v 0.10 modify URL breaks
(/usr/share/texlive/texmf-dist/tex/latex/url/url.sty
\Urlmuskip=\muskip18
Package: url 2013/09/16  ver 3.4  Verb mode for urls, etc.
)) (/usr/share/texlive/texmf-dist/tex/latex/bookmark/bookmark.sty
Package: bookmark 2020-11-06 v1.29 PDF bookmarks (HO)
(/usr/share/texlive/texmf-dist/tex/latex/hyperref/hyperref.sty
Package: hyperref 2021-06-07 v7.00m Hypertext links for LaTeX
(/usr/share/texlive/texmf-dist/tex/generic/pdftexcmds/pdftexcmds.sty
Package: pdftexcmds 2020-06-27 v0.33 Utility functions of pdfTeX for LuaTeX (HO
)
(/usr/share/texlive/texmf-dist/tex/generic/infwarerr/infwarerr.sty
Package: infwarerr 2019/12/03 v1.5 Providing info/warning/error messages (HO)
)
Package pdftexcmds Info: \pdf@primitive is available.
Package pdftexcmds Info: \pdf@ifprimitive is available.
Package pdftexcmds Info: \pdfdraftmode not found.
) (/usr/share/texlive/texmf-dist/tex/generic/kvdefinekeys/kvdefinekeys.sty
Package: kvdefinekeys 2019-12-19 v1.6 Define keys (HO)
) (/usr/share/texlive/texmf-dist/tex/generic/pdfescape/pdfescape.sty
Package: pdfescape 2019/12/09 v1.15 Implements pdfTeX's escape features (HO)
) (/usr/share/texlive/texmf-dist/tex/latex/hycolor/hycolor.sty
Package: hycolor 2020-01-27 v1.10 Color options for hyperref/bookmark (HO)
) (/usr/share/texlive/texmf-dist/tex/latex/letltxmacro/letltxmacro.sty
Package: letltxmacro 2019/12/03 v1.6 Let assignment for LaTeX macros (HO)
) (/usr/share/texlive/texmf-dist/tex/latex/auxhook/auxhook.sty
Package: auxhook 2019-12-17 v1.6 Hooks for auxiliary files (HO)
)
\@linkdim=\dimen152
\Hy@linkcounter=\count291
\Hy@pagecounter=\count292
(/usr/share/texlive/texmf-dist/tex/latex/hyperref/pd1enc.def
File: pd1enc.def 2021-06-07 v7.00m Hyperref: PDFDocEncoding definition (HO)
) (/usr/share/texlive/texmf-dist/tex/latex/hyperref/hyperref-langpatches.def
File: hyperref-langpatches.def 2021-06-07 v7.00m Hyperref: patches for babel la
nguages
) (/usr/share/texlive/texmf-dist/tex/generic/intcalc/intcalc.sty
Package: intcalc 2019/12/15 v1.3 Expandable calculations with integers (HO)
) (/usr/share/texlive/texmf-dist/tex/generic/etexcmds/etexcmds.sty
Package: etexcmds 2019/12/15 v1.7 Avoid name clashes with e-TeX commands (HO)
)
\Hy@SavedSpaceFactor=\count293
(/usr/share/texlive/texmf-dist/tex/latex/hyperref/puenc.def
File: puenc.def 2021-06-07 v7.00m Hyperref: PDF Unicode definition (HO)
)
Package hyperref Info: Option `unicode' set `true' on input line 4073.
Package hyperref Info: Hyper figures OFF on input line 4192.
Package hyperref Info: Link nesting OFF on input line 4197.
Package hyperref Info: Hyper index ON on input line 4200.
Package hyperref Info: Plain pages OFF on input line 4207.
Package hyperref Info: Backreferencing OFF on input line 4212.
Package hyperref Info: Implicit mode ON; LaTeX internals redefined.
Package hyperref Info: Bookmarks ON on input line 4445.
\c@Hy@tempcnt=\count294
LaTeX Info: Redefining \url on input line 4804.
\XeTeXLinkMargin=\dimen153
(/usr/share/texlive/texmf-dist/tex/generic/bitset/bitset.sty
Package: bitset 2019/12/09 v1.3 Handle bit-vector datatype (HO)
(/usr/share/texlive/texmf-dist/tex/generic/bigintcalc/bigintcalc.sty
Package: bigintcalc 2019/12/15 v1.5 Expandable calculations on big integers (HO
)
))
\Fld@menulength=\count295
\Field@Width=\dimen154
\Fld@charsize=\dimen155
Package hyperref Info: Hyper figures OFF on input line 6076.
Package hyperref Info: Link nesting OFF on input line 6081.
Package hyperref Info: Hyper index ON on input line 6084.
Package hyperref Info: backreferencing OFF on input line 6091.
Package hyperref Info: Link coloring OFF on input line 6096.
Package hyperref Info: Link coloring with OCG OFF on input line 6101.
Package hyperref Info: PDF/A mode OFF on input line 6106.
LaTeX Info: Redefining \ref on input line 6146.
LaTeX Info: Redefining \pageref on input line 6150.
(/usr/share/texlive/texmf-dist/tex/latex/base/atbegshi-ltx.sty
Package: atbegshi-ltx 2021/01/10 v1.0c Emulation of the original atbegshi
package with kernel methods
)
\Hy@abspage=\count296
\c@Item=\count297
\c@Hfootnote=\count298
)
Package hyperref Info: Driver (autodetected): hxetex.
(/usr/share/texlive/texmf-dist/tex/latex/hyperref/hxetex.def
File: hxetex.def 2021-06-07 v7.00m Hyperref driver for XeTeX
(/usr/share/texlive/texmf-dist/tex/generic/stringenc/stringenc.sty
Package: stringenc 2019/11/29 v1.12 Convert strings between diff. encodings (HO
)
)
\pdfm@box=\box54
\c@Hy@AnnotLevel=\count299
\HyField@AnnotCount=\count300
\Fld@listcount=\count301
\c@bookmark@seq@number=\count302
(/usr/share/texlive/texmf-dist/tex/latex/rerunfilecheck/rerunfilecheck.sty
Package: rerunfilecheck 2019/12/05 v1.9 Rerun checks for auxiliary files (HO)
(/usr/share/texlive/texmf-dist/tex/latex/base/atveryend-ltx.sty
Package: atveryend-ltx 2020/08/19 v1.0a Emulation of the original atveryend pac
kage
with kernel methods
) (/usr/share/texlive/texmf-dist/tex/generic/uniquecounter/uniquecounter.sty
Package: uniquecounter 2019/12/15 v1.4 Provide unlimited unique counter (HO)
)
Package uniquecounter Info: New unique counter `rerunfilecheck' on input line 2
86.
)
\Hy@SectionHShift=\skip52
) (/usr/share/texlive/texmf-dist/tex/latex/bookmark/bkm-dvipdfm.def
File: bkm-dvipdfm.def 2020-11-06 v1.29 bookmark driver for dvipdfm (HO)
\BKM@id=\count303
)) (/usr/share/texlive/texmf-dist/tex/latex/geometry/geometry.sty
Package: geometry 2020/01/02 v5.9 Page Geometry
(/usr/share/texlive/texmf-dist/tex/generic/iftex/ifvtex.sty
Package: ifvtex 2019/10/25 v1.7 ifvtex legacy package. Use iftex instead.
)
\Gm@cnth=\count304
\Gm@cntv=\count305
\c@Gm@tempcnt=\count306
\Gm@bindingoffset=\dimen156
\Gm@wd@mp=\dimen157
\Gm@odd@mp=\dimen158
\Gm@even@mp=\dimen159
\Gm@layoutwidth=\dimen160
\Gm@layoutheight=\dimen161
\Gm@layouthoffset=\dimen162
\Gm@layoutvoffset=\dimen163
\Gm@dimlist=\toks24
) (/usr/share/texlive/texmf-dist/tex/latex/tools/longtable.sty
Package: longtable 2021-09-01 v4.17 Multi-page Table package (DPC)
\LTleft=\skip53
\LTright=\skip54
\LTpre=\skip55
\LTpost=\skip56
\LTchunksize=\count307
\LTcapwidth=\dimen164
\LT@head=\box55
\LT@firsthead=\box56
\LT@foot=\box57
\LT@lastfoot=\box58
\LT@gbox=\box59
\LT@cols=\count308
\LT@rows=\count309
\c@LT@tables=\count310
\c@LT@chunks=\count311
\LT@p@ftn=\toks25
) (/usr/share/texlive/texmf-dist/tex/latex/booktabs/booktabs.sty
Package: booktabs 2020/01/12 v1.61803398 Publication quality tables
\heavyrulewidth=\dimen165
\lightrulewidth=\dimen166
\cmidrulewidth=\dimen167
\belowrulesep=\dimen168
\belowbottomsep=\dimen169
\aboverulesep=\dimen170
\abovetopsep=\dimen171
\cmidrulesep=\dimen172
\cmidrulekern=\dimen173
\defaultaddspace=\dimen174
\@cmidla=\count312
\@cmidlb=\count313
\@aboverulesep=\dimen175
\@belowrulesep=\dimen176
\@thisruleclass=\count314
\@lastruleclass=\count315
\@thisrulewidth=\dimen177
) (/usr/share/texlive/texmf-dist/tex/latex/footnotehyper/footnotehyper.sty
Package: footnotehyper 2021/08/13 v1.1e hyperref aware footnote.sty (JFB)
\FNH@notes=\box60
\FNH@width=\dimen178
\FNH@toks=\toks26
) (/usr/share/texlive/texmf-dist/tex/latex/graphics/graphicx.sty
Package: graphicx 2021/09/16 v1.2d Enhanced LaTeX Graphics (DPC,SPQR)
(/usr/share/texlive/texmf-dist/tex/latex/graphics/graphics.sty
Package: graphics 2021/03/04 v1.4d Standard LaTeX Graphics (DPC,SPQR)
(/usr/share/texlive/texmf-dist/tex/latex/graphics/trig.sty
Package: trig 2021/08/11 v1.11 sin cos tan (DPC)
) (/usr/share/texlive/texmf-dist/tex/latex/graphics-cfg/graphics.cfg
File: graphics.cfg 2016/06/04 v1.11 sample graphics configuration
)
Package graphics Info: Driver file: xetex.def on input line 107.
)
\Gin@req@height=\dimen179
\Gin@req@width=\dimen180
) (/usr/share/texlive/texmf-dist/tex/latex/caption/caption.sty
Package: caption 2020/10/26 v3.5g Customizing captions (AR)
(/usr/share/texlive/texmf-dist/tex/latex/caption/caption3.sty
Package: caption3 2020/10/21 v2.2e caption3 kernel (AR)
\captionmargin=\dimen181
\captionmargin@=\dimen182
\captionwidth=\dimen183
\caption@tempdima=\dimen184
\caption@indent=\dimen185
\caption@parindent=\dimen186
\caption@hangindent=\dimen187
Package caption Info: Standard document class detected.
)
\c@caption@flags=\count316
\c@continuedfloat=\count317
Package caption Info: hyperref package is loaded.
Package caption Info: longtable package is loaded.
(/usr/share/texlive/texmf-dist/tex/latex/caption/ltcaption.sty
Package: ltcaption 2020/05/30 v1.4b longtable captions (AR)
)) (/usr/share/texlive/texmf-dist/tex/xelatex/xecjk/xeCJK.sty
Package: xeCJK 2021/12/12 v3.8.8 Typesetting CJK scripts with XeLaTeX
(/usr/share/texlive/texmf-dist/tex/latex/ctex/ctexhook.sty
Package: ctexhook 2021/12/12 v2.5.8 Document and package hooks (CTEX)
) (/usr/share/texlive/texmf-dist/tex/latex/l3packages/xtemplate/xtemplate.sty
Package: xtemplate 2022-01-12 L3 Experimental prototype document functions
\l__xtemplate_tmp_dim=\dimen188
\l__xtemplate_tmp_int=\count318
\l__xtemplate_tmp_muskip=\muskip19
\l__xtemplate_tmp_skip=\skip57
)
\l__xeCJK_tmp_int=\count319
\l__xeCJK_tmp_box=\box61
\l__xeCJK_tmp_dim=\dimen189
\l__xeCJK_tmp_skip=\skip58
\g__xeCJK_space_factor_int=\count320
\l__xeCJK_begin_int=\count321
\l__xeCJK_end_int=\count322
\c__xeCJK_CJK_class_int=\XeTeXcharclass1
\c__xeCJK_FullLeft_class_int=\XeTeXcharclass2
\c__xeCJK_FullRight_class_int=\XeTeXcharclass3
\c__xeCJK_HalfLeft_class_int=\XeTeXcharclass4
\c__xeCJK_HalfRight_class_int=\XeTeXcharclass5
\c__xeCJK_NormalSpace_class_int=\XeTeXcharclass6
\c__xeCJK_CM_class_int=\XeTeXcharclass7
\c__xeCJK_HangulJamo_class_int=\XeTeXcharclass8
\l__xeCJK_last_skip=\skip59
\g__xeCJK_node_int=\count323
\c__xeCJK_CJK_node_dim=\dimen190
\c__xeCJK_CJK-space_node_dim=\dimen191
\c__xeCJK_default_node_dim=\dimen192
\c__xeCJK_default-space_node_dim=\dimen193
\c__xeCJK_CJK-widow_node_dim=\dimen194
\c__xeCJK_normalspace_node_dim=\dimen195
\l__xeCJK_ccglue_skip=\skip60
\l__xeCJK_ecglue_skip=\skip61
\l__xeCJK_punct_kern_skip=\skip62
\l__xeCJK_last_penalty_int=\count324
\l__xeCJK_last_bound_dim=\dimen196
\l__xeCJK_last_kern_dim=\dimen197
\l__xeCJK_widow_penalty_int=\count325

Package xtemplate Info: Declaring object type 'xeCJK/punctuation' taking 0
(xtemplate)             argument(s) on line 2337.

\l__xeCJK_fixed_punct_width_dim=\dimen198
\l__xeCJK_mixed_punct_width_dim=\dimen199
\l__xeCJK_middle_punct_width_dim=\dimen256
\l__xeCJK_fixed_margin_width_dim=\dimen257
\l__xeCJK_mixed_margin_width_dim=\dimen258
\l__xeCJK_middle_margin_width_dim=\dimen259
\l__xeCJK_bound_punct_width_dim=\dimen260
\l__xeCJK_bound_margin_width_dim=\dimen261
\l__xeCJK_margin_minimum_dim=\dimen262
\l__xeCJK_kerning_total_width_dim=\dimen263
\l__xeCJK_same_align_margin_dim=\dimen264
\l__xeCJK_different_align_margin_dim=\dimen265
\l__xeCJK_kerning_margin_width_dim=\dimen266
\l__xeCJK_kerning_margin_minimum_dim=\dimen267
\l__xeCJK_bound_dim=\dimen268
\l__xeCJK_reverse_bound_dim=\dimen269
\l__xeCJK_margin_dim=\dimen270
\l__xeCJK_minimum_bound_dim=\dimen271
\l__xeCJK_kerning_margin_dim=\dimen272
\g__xeCJK_family_int=\count326
\l__xeCJK_fam_int=\count327
\g__xeCJK_fam_allocation_int=\count328
\l__xeCJK_verb_case_int=\count329
\l__xeCJK_verb_exspace_skip=\skip63
(/usr/share/texlive/texmf-dist/tex/xelatex/xecjk/xeCJK.cfg
File: xeCJK.cfg 2021/12/12 v3.8.8 Configuration file for xeCJK package
)) (/usr/share/texlive/texmf-dist/tex/latex/setspace/setspace.sty
Package: setspace 2011/12/19 v6.7a set line spacing
)
\cslhangindent=\skip64

Package xeCJK Warning: Fandol is being set as the default font for CJK text.
(xeCJK)                Please make sure it has been properly installed.


Package fontspec Warning: Font "FandolSong-Regular" does not contain requested
(fontspec)                Script "CJK".


Package fontspec Info: FandolSong-Regular scale = 0.9999964596882403.


Package fontspec Info: FandolSong-Regular scale = 0.9999964596882403.


Package fontspec Info: FandolSong-Bold scale = 0.9707163010643308.


Package fontspec Info: FandolKai-Regular scale = 0.9751096074843788.


Package fontspec Info: Font family 'FandolSong-Regular(0)' created for font
(fontspec)             'FandolSong-Regular' with options
(fontspec)             [Scale=MatchLowercase,Script={CJK},Extension={.otf},Bold
Font={FandolSong-Bold},ItalicFont={FandolKai-Regular}].
(fontspec)              
(fontspec)              This font family consists of the following NFSS
(fontspec)             series/shapes:
(fontspec)              
(fontspec)             - 'normal' (m/n) with NFSS spec.:
(fontspec)             <->s*[0.9999964596882403]"[FandolSong-Regular.otf]/OT:la
nguage=dflt;"
(fontspec)             - 'small caps'  (m/sc) with NFSS spec.: 
(fontspec)             - 'bold' (b/n) with NFSS spec.:
(fontspec)             <->s*[0.9707163010643308]"[FandolSong-Bold.otf]/OT:langu
age=dflt;"
(fontspec)             - 'bold small caps'  (b/sc) with NFSS spec.: 
(fontspec)             - 'italic' (m/it) with NFSS spec.:
(fontspec)             <->s*[0.9751096074843788]"[FandolKai-Regular.otf]/OT:lan
guage=dflt;"
(fontspec)             - 'italic small caps'  (m/scit) with NFSS spec.: 

(./output.aux)
\openout1 = `output.aux'.

LaTeX Font Info:    Checking defaults for OML/cmm/m/it on input line 82.
LaTeX Font Info:    ... okay on input line 82.
LaTeX Font Info:    Checking defaults for OMS/cmsy/m/n on input line 82.
LaTeX Font Info:    ... okay on input line 82.
LaTeX Font Info:    Checking defaults for OT1/cmr/m/n on input line 82.
LaTeX Font Info:    ... okay on input line 82.
LaTeX Font Info:    Checking defaults for T1/cmr/m/n on input line 82.
LaTeX Font Info:    ... okay on input line 82.
LaTeX Font Info:    Checking defaults for TS1/cmr/m/n on input line 82.
LaTeX Font Info:    ... okay on input line 82.
LaTeX Font Info:    Checking defaults for TU/lmr/m/n on input line 82.
LaTeX Font Info:    ... okay on input line 82.
LaTeX Font Info:    Checking defaults for OMX/cmex/m/n on input line 82.
LaTeX Font Info:    ... okay on input line 82.
LaTeX Font Info:    Checking defaults for U/cmr/m/n on input line 82.
LaTeX Font Info:    ... okay on input line 82.
LaTeX Font Info:    Checking defaults for PD1/pdf/m/n on input line 82.
LaTeX Font Info:    ... okay on input line 82.
LaTeX Font Info:    Checking defaults for PU/pdf/m/n on input line 82.
LaTeX Font Info:    ... okay on input line 82.
LaTeX Font Info:    Overwriting math alphabet `\mathrm' in version `normal'
(Font)                  OT1/lmr/m/n --> TU/lmr/m/n on input line 82.
LaTeX Font Info:    Overwriting math alphabet `\mathit' in version `normal'
(Font)                  OT1/lmr/m/it --> TU/lmr/m/it on input line 82.
LaTeX Font Info:    Overwriting math alphabet `\mathbf' in version `normal'
(Font)                  OT1/lmr/bx/n --> TU/lmr/bx/n on input line 82.
LaTeX Font Info:    Overwriting math alphabet `\mathsf' in version `normal'
(Font)                  OT1/lmss/m/n --> TU/lmss/m/n on input line 82.
LaTeX Font Info:    Overwriting math alphabet `\mathsf' in version `bold'
(Font)                  OT1/lmss/bx/n --> TU/lmss/bx/n on input line 82.
LaTeX Font Info:    Overwriting math alphabet `\mathtt' in version `normal'
(Font)                  OT1/lmtt/m/n --> TU/lmtt/m/n on input line 82.
LaTeX Font Info:    Overwriting math alphabet `\mathtt' in version `bold'
(Font)                  OT1/lmtt/m/n --> TU/lmtt/bx/n on input line 82.

Package fontspec Info: latinmodern-math scale = 0.9999964596882403.


Package fontspec Info: latinmodern-math scale = 0.9999964596882403.


Package fontspec Info: latinmodern-math scale = 0.9999964596882403.


Package fontspec Info: Font family 'latinmodern-math.otf(0)' created for font
(fontspec)             'latinmodern-math.otf' with options
(fontspec)             [Scale=MatchLowercase,BoldItalicFont={},ItalicFont={},Sm
allCapsFont={},Script=Math,BoldFont={latinmodern-math.otf}].
(fontspec)              
(fontspec)              This font family consists of the following NFSS
(fontspec)             series/shapes:
(fontspec)              
(fontspec)             - 'normal' (m/n) with NFSS spec.:
(fontspec)             <->s*[0.9999964596882403]"[latinmodern-math.otf]/OT:scri
pt=math;language=dflt;"
(fontspec)             - 'small caps'  (m/sc) with NFSS spec.: 
(fontspec)             - 'bold' (b/n) with NFSS spec.:
(fontspec)             <->s*[0.9999964596882403]"[latinmodern-math.otf]/OT:scri
pt=math;language=dflt;"
(fontspec)             - 'bold small caps'  (b/sc) with NFSS spec.: 

LaTeX Font Info:    Font shape `TU/latinmodern-math.otf(0)/m/n' will be
(Font)              scaled to size 10.0pt on input line 82.

Package fontspec Info: latinmodern-math scale = 0.9999964596882403.


Package fontspec Info: latinmodern-math scale = 0.9999964596882403.


Package fontspec Info: latinmodern-math scale = 0.9999964596882403.


Package fontspec Info: latinmodern-math scale = 0.9999964596882403.


Package fontspec Info: latinmodern-math scale = 0.9999964596882403.


Package fontspec Info: Font family 'latinmodern-math.otf(1)' created for font
(fontspec)             'latinmodern-math.otf' with options
(fontspec)             [Scale=MatchLowercase,BoldItalicFont={},ItalicFont={},Sm
allCapsFont={},Script=Math,SizeFeatures={{Size=8.5-},{Size=6-8.5,Font=latinmode
rn-math.otf,Style=MathScript},{Size=-6,Font=latinmodern-math.otf,Style=MathScri
ptScript}},BoldFont={latinmodern-math.otf}].
(fontspec)              
(fontspec)              This font family consists of the following NFSS
(fontspec)             series/shapes:
(fontspec)              
(fontspec)             - 'normal' (m/n) with NFSS spec.:
(fontspec)             <8.5->s*[0.9999964596882403]"[latinmodern-math.otf]/OT:s
cript=math;language=dflt;"<6-8.5>s*[0.9999964596882403]"[latinmodern-math.otf]/
OT:script=math;language=dflt;+ssty=0;"<-6>s*[0.9999964596882403]"[latinmodern-m
ath.otf]/OT:script=math;language=dflt;+ssty=1;"
(fontspec)             - 'small caps'  (m/sc) with NFSS spec.: 
(fontspec)             - 'bold' (b/n) with NFSS spec.:
(fontspec)             <->s*[0.9999964596882403]"[latinmodern-math.otf]/OT:scri
pt=math;language=dflt;"
(fontspec)             - 'bold small caps'  (b/sc) with NFSS spec.: 

LaTeX Font Info:    Font shape `TU/latinmodern-math.otf(1)/m/n' will be
(Font)              scaled to size 10.0pt on input line 82.
LaTeX Font Info:    Encoding `OT1' has changed to `TU' for symbol font
(Font)              `operators' in the math version `normal' on input line 82.
LaTeX Font Info:    Overwriting symbol font `operators' in version `normal'
(Font)                  OT1/lmr/m/n --> TU/latinmodern-math.otf(1)/m/n on input
 line 82.
LaTeX Font Info:    Encoding `OT1' has changed to `TU' for symbol font
(Font)              `operators' in the math version `bold' on input line 82.
LaTeX Font Info:    Overwriting symbol font `operators' in version `bold'
(Font)                  OT1/lmr/bx/n --> TU/latinmodern-math.otf(1)/b/n on inpu
t line 82.

Package fontspec Info: latinmodern-math scale = 0.9999964596882403.


Package fontspec Info: latinmodern-math scale = 1.000096459334209.


Package fontspec Info: latinmodern-math scale = 0.9999964596882403.


Package fontspec Info: latinmodern-math scale = 1.000096459334209.


Package fontspec Info: latinmodern-math scale = 0.9999964596882403.


Package fontspec Info: latinmodern-math scale = 1.000096459334209.


Package fontspec Info: latinmodern-math scale = 0.9999964596882403.


Package fontspec Info: latinmodern-math scale = 1.000096459334209.


Package fontspec Info: latinmodern-math scale = 0.9999964596882403.


Package fontspec Info: latinmodern-math scale = 1.000096459334209.


Package fontspec Info: Font family 'latinmodern-math.otf(2)' created for font
(fontspec)             'latinmodern-math.otf' with options
(fontspec)             [Scale=MatchLowercase,BoldItalicFont={},ItalicFont={},Sm
allCapsFont={},Script=Math,SizeFeatures={{Size=8.5-},{Size=6-8.5,Font=latinmode
rn-math.otf,Style=MathScript},{Size=-6,Font=latinmodern-math.otf,Style=MathScri
ptScript}},BoldFont={latinmodern-math.otf},ScaleAgain=1.0001,FontAdjustment={\f
ontdimen
(fontspec)             8\font =6.77pt\relax \fontdimen 9\font =3.94pt\relax
(fontspec)             \fontdimen 10\font =4.44pt\relax \fontdimen 11\font
(fontspec)             =6.86pt\relax \fontdimen 12\font =3.45pt\relax
(fontspec)             \fontdimen 13\font =3.63pt\relax \fontdimen 14\font
(fontspec)             =3.63pt\relax \fontdimen 15\font =2.89pt\relax
(fontspec)             \fontdimen 16\font =2.47pt\relax \fontdimen 17\font
(fontspec)             =2.47pt\relax \fontdimen 18\font =2.5pt\relax
(fontspec)             \fontdimen 19\font =2.0pt\relax \fontdimen 22\font
(fontspec)             =2.5pt\relax \fontdimen 20\font =0pt\relax \fontdimen
(fontspec)             21\font =0pt\relax }].
(fontspec)              
(fontspec)              This font family consists of the following NFSS
(fontspec)             series/shapes:
(fontspec)              
(fontspec)             - 'normal' (m/n) with NFSS spec.:
(fontspec)             <8.5->s*[1.000096459334209]"[latinmodern-math.otf]/OT:sc
ript=math;language=dflt;"<6-8.5>s*[1.000096459334209]"[latinmodern-math.otf]/OT
:script=math;language=dflt;+ssty=0;"<-6>s*[1.000096459334209]"[latinmodern-math
.otf]/OT:script=math;language=dflt;+ssty=1;"
(fontspec)             - 'small caps'  (m/sc) with NFSS spec.: 
(fontspec)             and font adjustment code:
(fontspec)             \fontdimen 8\font =6.77pt\relax \fontdimen 9\font
(fontspec)             =3.94pt\relax \fontdimen 10\font =4.44pt\relax
(fontspec)             \fontdimen 11\font =6.86pt\relax \fontdimen 12\font
(fontspec)             =3.45pt\relax \fontdimen 13\font =3.63pt\relax
(fontspec)             \fontdimen 14\font =3.63pt\relax \fontdimen 15\font
(fontspec)             =2.89pt\relax \fontdimen 16\font =2.47pt\relax
(fontspec)             \fontdimen 17\font =2.47pt\relax \fontdimen 18\font
(fontspec)             =2.5pt\relax \fontdimen 19\font =2.0pt\relax \fontdimen
(fontspec)             22\font =2.5pt\relax \fontdimen 20\font =0pt\relax
(fontspec)             \fontdimen 21\font =0pt\relax 
(fontspec)             - 'bold' (b/n) with NFSS spec.:
(fontspec)             <->s*[1.000096459334209]"[latinmodern-math.otf]/OT:scrip
t=math;language=dflt;"
(fontspec)             - 'bold small caps'  (b/sc) with NFSS spec.: 
(fontspec)             and font adjustment code:
(fontspec)             \fontdimen 8\font =6.77pt\relax \fontdimen 9\font
(fontspec)             =3.94pt\relax \fontdimen 10\font =4.44pt\relax
(fontspec)             \fontdimen 11\font =6.86pt\relax \fontdimen 12\font
(fontspec)             =3.45pt\relax \fontdimen 13\font =3.63pt\relax
(fontspec)             \fontdimen 14\font =3.63pt\relax \fontdimen 15\font
(fontspec)             =2.89pt\relax \fontdimen 16\font =2.47pt\relax
(fontspec)             \fontdimen 17\font =2.47pt\relax \fontdimen 18\font
(fontspec)             =2.5pt\relax \fontdimen 19\font =2.0pt\relax \fontdimen
(fontspec)             22\font =2.5pt\relax \fontdimen 20\font =0pt\relax
(fontspec)             \fontdimen 21\font =0pt\relax 

LaTeX Font Info:    Encoding `OMS' has changed to `TU' for symbol font
(Font)              `symbols' in the math version `normal' on input line 82.
LaTeX Font Info:    Overwriting symbol font `symbols' in version `normal'
(Font)                  OMS/lmsy/m/n --> TU/latinmodern-math.otf(2)/m/n on inpu
t line 82.
LaTeX Font Info:    Encoding `OMS' has changed to `TU' for symbol font
(Font)              `symbols' in the math version `bold' on input line 82.
LaTeX Font Info:    Overwriting symbol font `symbols' in version `bold'
(Font)                  OMS/lmsy/b/n --> TU/latinmodern-math.otf(2)/b/n on inpu
t line 82.

Package fontspec Info: latinmodern-math scale = 0.9999964596882403.


Package fontspec Info: latinmodern-math scale = 0.9998964600422715.


Package fontspec Info: latinmodern-math scale = 0.9999964596882403.


Package fontspec Info: latinmodern-math scale = 0.9998964600422715.


Package fontspec Info: latinmodern-math scale = 0.9999964596882403.


Package fontspec Info: latinmodern-math scale = 0.9998964600422715.


Package fontspec Info: latinmodern-math scale = 0.9999964596882403.


Package fontspec Info: latinmodern-math scale = 0.9998964600422715.


Package fontspec Info: latinmodern-math scale = 0.9999964596882403.


Package fontspec Info: latinmodern-math scale = 0.9998964600422715.


Package fontspec Info: Font family 'latinmodern-math.otf(3)' created for font
(fontspec)             'latinmodern-math.otf' with options
(fontspec)             [Scale=MatchLowercase,BoldItalicFont={},ItalicFont={},Sm
allCapsFont={},Script=Math,SizeFeatures={{Size=8.5-},{Size=6-8.5,Font=latinmode
rn-math.otf,Style=MathScript},{Size=-6,Font=latinmodern-math.otf,Style=MathScri
ptScript}},BoldFont={latinmodern-math.otf},ScaleAgain=0.9999,FontAdjustment={\f
ontdimen
(fontspec)             8\font =0.4pt\relax \fontdimen 9\font =2.0pt\relax
(fontspec)             \fontdimen 10\font =1.67pt\relax \fontdimen 11\font
(fontspec)             =1.11pt\relax \fontdimen 12\font =6.0pt\relax
(fontspec)             \fontdimen 13\font =0pt\relax }].
(fontspec)              
(fontspec)              This font family consists of the following NFSS
(fontspec)             series/shapes:
(fontspec)              
(fontspec)             - 'normal' (m/n) with NFSS spec.:
(fontspec)             <8.5->s*[0.9998964600422715]"[latinmodern-math.otf]/OT:s
cript=math;language=dflt;"<6-8.5>s*[0.9998964600422715]"[latinmodern-math.otf]/
OT:script=math;language=dflt;+ssty=0;"<-6>s*[0.9998964600422715]"[latinmodern-m
ath.otf]/OT:script=math;language=dflt;+ssty=1;"
(fontspec)             - 'small caps'  (m/sc) with NFSS spec.: 
(fontspec)             and font adjustment code:
(fontspec)             \fontdimen 8\font =0.4pt\relax \fontdimen 9\font
(fontspec)             =2.0pt\relax \fontdimen 10\font =1.67pt\relax
(fontspec)             \fontdimen 11\font =1.11pt\relax \fontdimen 12\font
(fontspec)             =6.0pt\relax \fontdimen 13\font =0pt\relax 
(fontspec)             - 'bold' (b/n) with NFSS spec.:
(fontspec)             <->s*[0.9998964600422715]"[latinmodern-math.otf]/OT:scri
pt=math;language=dflt;"
(fontspec)             - 'bold small caps'  (b/sc) with NFSS spec.: 
(fontspec)             and font adjustment code:
(fontspec)             \fontdimen 8\font =0.4pt\relax \fontdimen 9\font
(fontspec)             =2.0pt\relax \fontdimen 10\font =1.67pt\relax
(fontspec)             \fontdimen 11\font =1.11pt\relax \fontdimen 12\font
(fontspec)             =6.0pt\relax \fontdimen 13\font =0pt\relax 

LaTeX Font Info:    Encoding `OMX' has changed to `TU' for symbol font
(Font)              `largesymbols' in the math version `normal' on input line 8
2.
LaTeX Font Info:    Overwriting symbol font `largesymbols' in version `normal'
(Font)                  OMX/lmex/m/n --> TU/latinmodern-math.otf(3)/m/n on inpu
t line 82.
LaTeX Font Info:    Encoding `OMX' has changed to `TU' for symbol font
(Font)              `largesymbols' in the math version `bold' on input line 82.

LaTeX Font Info:    Overwriting symbol font `largesymbols' in version `bold'
(Font)                  OMX/lmex/m/n --> TU/latinmodern-math.otf(3)/b/n on inpu
t line 82.
LaTeX Info: Redefining \microtypecontext on input line 82.
Package microtype Info: Applying patch `item' on input line 82.
Package microtype Info: Applying patch `toc' on input line 82.
Package microtype Info: Applying patch `eqnum' on input line 82.

Package microtype Warning: Unable to apply patch `footnote' on input line 82.

Package microtype Info: Character protrusion enabled (level 2).
Package microtype Info: Using protrusion set `basicmath'.
Package microtype Info: No adjustment of tracking.
Package microtype Info: No adjustment of spacing.
Package microtype Info: No adjustment of kerning.
(/usr/share/texlive/texmf-dist/tex/latex/microtype/mt-LatinModernRoman.cfg
File: mt-LatinModernRoman.cfg 2021/02/21 v1.1 microtype config. file: Latin Mod
ern Roman (RS)
)
Package hyperref Info: Link coloring OFF on input line 82.
(/usr/share/texlive/texmf-dist/tex/latex/hyperref/nameref.sty
Package: nameref 2021-04-02 v2.47 Cross-referencing by name of section
(/usr/share/texlive/texmf-dist/tex/latex/refcount/refcount.sty
Package: refcount 2019/12/15 v3.6 Data extraction from label references (HO)
) (/usr/share/texlive/texmf-dist/tex/generic/gettitlestring/gettitlestring.sty
Package: gettitlestring 2019/12/15 v1.6 Cleanup title references (HO)
)
\c@section@level=\count330
)
LaTeX Info: Redefining \ref on input line 82.
LaTeX Info: Redefining \pageref on input line 82.
LaTeX Info: Redefining \nameref on input line 82.
*geometry* driver: auto-detecting
*geometry* detected driver: xetex
*geometry* verbose mode - [ preamble ] result:
* driver: xetex
* paper: <default>
* layout: <same size as paper>
* layoutoffset:(h,v)=(0.0pt,0.0pt)
* modes: 
* h-part:(L,W,R)=(72.26999pt, 469.75502pt, 72.26999pt)
* v-part:(T,H,B)=(72.26999pt, 650.43001pt, 72.26999pt)
* \paperwidth=614.295pt
* \paperheight=794.96999pt
* \textwidth=469.75502pt
* \textheight=650.43001pt
* \oddsidemargin=0.0pt
* \evensidemargin=0.0pt
* \topmargin=-37.0pt
* \headheight=12.0pt
* \headsep=25.0pt
* \topskip=10.0pt
* \footskip=30.0pt
* \marginparwidth=65.0pt
* \marginparsep=11.0pt
* \columnsep=10.0pt
* \skip\footins=9.0pt plus 4.0pt minus 2.0pt
* \hoffset=0.0pt
* \voffset=0.0pt
* \mag=1000
* \@twocolumnfalse
* \@twosidefalse
* \@mparswitchfalse
* \@reversemarginfalse
* (1in=72.27pt=25.4mm, 1cm=28.453pt)

Package caption Info: Begin \AtBeginDocument code.
Package caption Info: End \AtBeginDocument code.
LaTeX Font Info:    Font shape `TU/latinmodern-math.otf(1)/m/n' will be
(Font)              scaled to size 12.0pt on input line 84.
LaTeX Font Info:    Font shape `TU/latinmodern-math.otf(1)/m/n' will be
(Font)              scaled to size 8.0pt on input line 84.
LaTeX Font Info:    Font shape `TU/latinmodern-math.otf(1)/m/n' will be
(Font)              scaled to size 6.0pt on input line 84.
LaTeX Font Info:    Trying to load font information for OML+lmm on input line 8
4.
(/usr/share/texmf/tex/latex/lm/omllmm.fd
File: omllmm.fd 2009/10/30 v1.6 Font defs for Latin Modern
)
LaTeX Font Info:    Font shape `TU/latinmodern-math.otf(2)/m/n' will be
(Font)              scaled to size 12.0011pt on input line 84.
LaTeX Font Info:    Font shape `TU/latinmodern-math.otf(2)/m/n' will be
(Font)              scaled to size 8.00073pt on input line 84.
LaTeX Font Info:    Font shape `TU/latinmodern-math.otf(2)/m/n' will be
(Font)              scaled to size 6.00055pt on input line 84.
LaTeX Font Info:    Font shape `TU/latinmodern-math.otf(3)/m/n' will be
(Font)              scaled to size 11.99872pt on input line 84.
LaTeX Font Info:    Font shape `TU/latinmodern-math.otf(3)/m/n' will be
(Font)              scaled to size 7.99915pt on input line 84.
LaTeX Font Info:    Font shape `TU/latinmodern-math.otf(3)/m/n' will be
(Font)              scaled to size 5.99936pt on input line 84.
LaTeX Font Info:    Trying to load font information for U+msa on input line 84.

(/usr/share/texlive/texmf-dist/tex/latex/amsfonts/umsa.fd
File: umsa.fd 2013/01/14 v3.01 AMS symbols A
) (/usr/share/texlive/texmf-dist/tex/latex/microtype/mt-msa.cfg
File: mt-msa.cfg 2006/02/04 v1.1 microtype config. file: AMS symbols (a) (RS)
)
LaTeX Font Info:    Trying to load font information for U+msb on input line 84.

(/usr/share/texlive/texmf-dist/tex/latex/amsfonts/umsb.fd
File: umsb.fd 2013/01/14 v3.01 AMS symbols B
) (/usr/share/texlive/texmf-dist/tex/latex/microtype/mt-msb.cfg
File: mt-msb.cfg 2005/06/01 v1.0 microtype config. file: AMS symbols (b) (RS)
) (./output.toc
LaTeX Font Info:    Font shape `TU/FandolSong-Regular(0)/b/n' will be
(Font)              scaled to size 9.70718pt on input line 1.
LaTeX Font Info:    Font shape `TU/FandolSong-Regular(0)/m/n' will be
(Font)              scaled to size 10.0pt on input line 2.
LaTeX Font Info:    Font shape `TU/latinmodern-math.otf(1)/m/n' will be
(Font)              scaled to size 7.0pt on input line 2.
LaTeX Font Info:    Font shape `TU/latinmodern-math.otf(1)/m/n' will be
(Font)              scaled to size 5.0pt on input line 2.
LaTeX Font Info:    Font shape `TU/latinmodern-math.otf(2)/m/n' will be
(Font)              scaled to size 10.00092pt on input line 2.
LaTeX Font Info:    Font shape `TU/latinmodern-math.otf(2)/m/n' will be
(Font)              scaled to size 7.00064pt on input line 2.
LaTeX Font Info:    Font shape `TU/latinmodern-math.otf(2)/m/n' will be
(Font)              scaled to size 5.00046pt on input line 2.
LaTeX Font Info:    Font shape `TU/latinmodern-math.otf(3)/m/n' will be
(Font)              scaled to size 9.99893pt on input line 2.
LaTeX Font Info:    Font shape `TU/latinmodern-math.otf(3)/m/n' will be
(Font)              scaled to size 6.99925pt on input line 2.
LaTeX Font Info:    Font shape `TU/latinmodern-math.otf(3)/m/n' will be
(Font)              scaled to size 4.99947pt on input line 2.

Package fontspec Warning: Font "FandolFang-Regular" does not contain requested
(fontspec)                Script "CJK".


Package fontspec Info: FandolFang-Regular scale = 0.941043990458295.


Package fontspec Info: FandolFang-Regular scale = 0.941043990458295.


Package fontspec Info: Font family 'FandolFang-Regular(0)' created for font
(fontspec)             'FandolFang-Regular' with options
(fontspec)             [Scale=MatchLowercase,Script={CJK},Extension={.otf}].
(fontspec)              
(fontspec)              This font family consists of the following NFSS
(fontspec)             series/shapes:
(fontspec)              
(fontspec)             - 'normal' (m/n) with NFSS spec.:
(fontspec)             <->s*[0.941043990458295]"[FandolFang-Regular.otf]/OT:lan
guage=dflt;"
(fontspec)             - 'small caps'  (m/sc) with NFSS spec.: 

)
\tf@toc=\write3
\openout3 = `output.toc'.

LaTeX Font Info:    Font shape `TU/FandolSong-Regular(0)/b/n' will be
(Font)              scaled to size 13.97833pt on input line 90.
LaTeX Font Info:    Font shape `TU/FandolSong-Regular(0)/b/n' will be
(Font)              scaled to size 11.64862pt on input line 93.
LaTeX Font Info:    Font shape `TU/lmtt/bx/n' in size <10> not available
(Font)              Font shape `TU/lmtt/b/n' tried instead on input line 101.
LaTeX Font Info:    Font shape `TU/FandolFang-Regular(0)/m/n' will be
(Font)              scaled to size 9.4104pt on input line 103.
[1

]
Overfull \hbox (28.99498pt too wide) in paragraph at lines 118--118
[]\TU/lmtt/m/n/10 ##  1 Sitosterol,Î \TU/FandolFang-Regular(0)/m/n/10 ’ \TU/lmt
t/m/n/10 -Sitosterol AKR1C1 /ETCM/index.php/Home/Index/jyjb_details.html?gene=A
KR1C1[] 
 []


Overfull \hbox (28.99498pt too wide) in paragraph at lines 118--118
[]\TU/lmtt/m/n/10 ##  2 Sitosterol,Î \TU/FandolFang-Regular(0)/m/n/10 ’ \TU/lmt
t/m/n/10 -Sitosterol AKR1C2 /ETCM/index.php/Home/Index/jyjb_details.html?gene=A
KR1C2[] 
 []


Overfull \hbox (7.99498pt too wide) in paragraph at lines 118--118
[]\TU/lmtt/m/n/10 ##  3 Sitosterol,Î \TU/FandolFang-Regular(0)/m/n/10 ’ \TU/lmt
t/m/n/10 -Sitosterol AR     /ETCM/index.php/Home/Index/jyjb_details.html?gene=A
R[] 
 []


Overfull \hbox (28.99498pt too wide) in paragraph at lines 118--118
[]\TU/lmtt/m/n/10 ##  4 Sitosterol,Î \TU/FandolFang-Regular(0)/m/n/10 ’ \TU/lmt
t/m/n/10 -Sitosterol CLEC4E /ETCM/index.php/Home/Index/jyjb_details.html?gene=C
LEC4E[] 
 []


Overfull \hbox (18.49498pt too wide) in paragraph at lines 118--118
[]\TU/lmtt/m/n/10 ##  5 Sitosterol,Î \TU/FandolFang-Regular(0)/m/n/10 ’ \TU/lmt
t/m/n/10 -Sitosterol ESR1   /ETCM/index.php/Home/Index/jyjb_details.html?gene=E
SR1[] 
 []


Overfull \hbox (18.49498pt too wide) in paragraph at lines 118--118
[]\TU/lmtt/m/n/10 ##  6 Sitosterol,Î \TU/FandolFang-Regular(0)/m/n/10 ’ \TU/lmt
t/m/n/10 -Sitosterol ESR2   /ETCM/index.php/Home/Index/jyjb_details.html?gene=E
SR2[] 
 []


Overfull \hbox (28.99498pt too wide) in paragraph at lines 118--118
[]\TU/lmtt/m/n/10 ##  7 Sitosterol,Î \TU/FandolFang-Regular(0)/m/n/10 ’ \TU/lmt
t/m/n/10 -Sitosterol GABRA1 /ETCM/index.php/Home/Index/jyjb_details.html?gene=G
ABRA1[] 
 []


Overfull \hbox (28.99498pt too wide) in paragraph at lines 118--118
[]\TU/lmtt/m/n/10 ##  8 Sitosterol,Î \TU/FandolFang-Regular(0)/m/n/10 ’ \TU/lmt
t/m/n/10 -Sitosterol GABRA2 /ETCM/index.php/Home/Index/jyjb_details.html?gene=G
ABRA2[] 
 []


Overfull \hbox (28.99498pt too wide) in paragraph at lines 118--118
[]\TU/lmtt/m/n/10 ##  9 Sitosterol,Î \TU/FandolFang-Regular(0)/m/n/10 ’ \TU/lmt
t/m/n/10 -Sitosterol GABRA3 /ETCM/index.php/Home/Index/jyjb_details.html?gene=G
ABRA3[] 
 []


Overfull \hbox (28.99498pt too wide) in paragraph at lines 118--118
[]\TU/lmtt/m/n/10 ## 10 Sitosterol,Î \TU/FandolFang-Regular(0)/m/n/10 ’ \TU/lmt
t/m/n/10 -Sitosterol GABRA4 /ETCM/index.php/Home/Index/jyjb_details.html?gene=G
ABRA4[] 
 []

[2]
Overfull \hbox (44.74498pt too wide) in paragraph at lines 174--174
[]\TU/lmtt/m/n/10 ##  [1] "Methylene Tanshinquinone"           "Dihydroisotansh
inone I"             "Tanshinlactone"[] 
 []


Overfull \hbox (44.74498pt too wide) in paragraph at lines 174--174
[]\TU/lmtt/m/n/10 ##  [4] "Salvianolic Acid B"                 "Danshexinkum D"
                     "Danshexinkum A"[] 
 []


Overfull \hbox (18.49498pt too wide) in paragraph at lines 174--174
[]\TU/lmtt/m/n/10 ##  [7] "Methyl Tanshinonate"                "Ethyl Lithosper
mate"                "Salvinone"[] 
 []


Overfull \hbox (28.99498pt too wide) in paragraph at lines 174--174
[]\TU/lmtt/m/n/10 ## [10] "Isotanshinoneii B"                  "Prgewaquinone A
"                    "Danshenol A"[] 
 []


Overfull \hbox (49.99498pt too wide) in paragraph at lines 174--174
[]\TU/lmtt/m/n/10 ## [13] "Danshenspiroketallactone"           "Danshenxinkun A
"                    "Danshenxinkun B"[] 
 []


Overfull \hbox (86.74498pt too wide) in paragraph at lines 174--174
[]\TU/lmtt/m/n/10 ## [16] "Danshenxinkun C"                    "Danshenxinkun D
"                    "Î \TU/FandolFang-Regular(0)/m/n/10 ” \TU/lmtt/m/n/10 1-De
hydrotanshinone"[] 
 []


Overfull \hbox (112.99498pt too wide) in paragraph at lines 174--174
[]\TU/lmtt/m/n/10 ## [19] "Dihydroisotanshinone I"             "1,2-Dihydrotans
hiquinone"           "Epidanshenspiroketallactone"[] 
 []


Overfull \hbox (118.24498pt too wide) in paragraph at lines 174--174
[]\TU/lmtt/m/n/10 ## [22] "3-Î \TU/FandolFang-Regular(0)/m/n/10 ’ \TU/lmtt/m/n/
10 -Hydroxymethylenetanshiquinone" "3Î \TU/FandolFang-Regular(0)/m/n/10 ‘ \TU/l
mtt/m/n/10 -Hydroxytanshinone Iia"          "3Î \TU/FandolFang-Regular(0)/m/n/1
0 ’ \TU/lmtt/m/n/10 -Hydroxytanshinone Iia"[] 
 []


Overfull \hbox (49.99498pt too wide) in paragraph at lines 174--174
[]\TU/lmtt/m/n/10 ## [25] "Isotanshinone I"                    "Isotanshinone I
ia"                  "Lithospermate B"[] 
 []


Overfull \hbox (97.24498pt too wide) in paragraph at lines 174--174
[]\TU/lmtt/m/n/10 ## [28] "Magnesium Lithospermate B"          "Methyl Tanshino
nate"                "Monomethyl Lithospermate"[] 
 []


Overfull \hbox (65.74498pt too wide) in paragraph at lines 174--174
[]\TU/lmtt/m/n/10 ## [31] "Nortanshinone"                      "Salvianolic Aci
d B"                 "Salvianolic Acid C"[] 
 []


Overfull \hbox (39.49498pt too wide) in paragraph at lines 174--174
[]\TU/lmtt/m/n/10 ## [34] "Salvianolic Acid G"                 "Salvinone"     
                     "Tanshindiol A"[] 
 []


Overfull \hbox (28.99498pt too wide) in paragraph at lines 174--174
[]\TU/lmtt/m/n/10 ## [37] "Tanshindiol B"                      "Tanshinlactone"
                     "Tanshinol B"[] 
 []


Overfull \hbox (39.49498pt too wide) in paragraph at lines 174--174
[]\TU/lmtt/m/n/10 ## [40] "Tanshinone Iia"                     "Tanshinone Iib"
                     "Tanshinone Vi"[] 
 []


Overfull \hbox (217.99498pt too wide) in paragraph at lines 210--210
[]\TU/lmtt/m/n/10 ##    Gene.Symbol Description                            Cate
gory       Uniprot.ID Gifts GC.Id       Relevance.score GeneCards.Link[] 
 []


Overfull \hbox (170.74498pt too wide) in paragraph at lines 210--210
[]\TU/lmtt/m/n/10 ##    <chr>       <chr>                                  <chr
>          <chr>      <int> <chr>                 <dbl> <chr>[] 
 []


Overfull \hbox (228.49498pt too wide) in paragraph at lines 210--210
[]\TU/lmtt/m/n/10 ##  1 CDH1        Cadherin 1                             Prot
ein Coding P12830        56 GC16P068737            379. https://www.gen~[] 
 []


Overfull \hbox (228.49498pt too wide) in paragraph at lines 210--210
[]\TU/lmtt/m/n/10 ##  2 BRCA2       BRCA2 DNA Repair Associated            Prot
ein Coding P51587        54 GC13P032315            303. https://www.gen~[] 
 []


Overfull \hbox (228.49498pt too wide) in paragraph at lines 210--210
[]\TU/lmtt/m/n/10 ##  3 BRCA1       BRCA1 DNA Repair Associated            Prot
ein Coding P38398        57 GC17M043044            291. https://www.gen~[] 
 []


Overfull \hbox (228.49498pt too wide) in paragraph at lines 210--210
[]\TU/lmtt/m/n/10 ##  4 TP53        Tumor Protein P53                      Prot
ein Coding P04637        60 GC17M007661            233. https://www.gen~[] 
 []


Overfull \hbox (228.49498pt too wide) in paragraph at lines 210--210
[]\TU/lmtt/m/n/10 ##  5 APC         APC Regulator Of WNT Signaling Pathway Prot
ein Coding P25054        56 GC05P112707            218. https://www.gen~[] 
 []


Overfull \hbox (228.49498pt too wide) in paragraph at lines 210--210
[]\TU/lmtt/m/n/10 ##  6 CHEK2       Checkpoint Kinase 2                    Prot
ein Coding O96017        61 GC22M028687            204. https://www.gen~[] 
 []


Overfull \hbox (228.49498pt too wide) in paragraph at lines 210--210
[]\TU/lmtt/m/n/10 ##  7 PALB2       Partner And Localizer Of BRCA2         Prot
ein Coding Q86YC2        51 GC16M023603            204. https://www.gen~[] 
 []


Overfull \hbox (228.49498pt too wide) in paragraph at lines 210--210
[]\TU/lmtt/m/n/10 ##  8 ATM         ATM Serine/Threonine Kinase            Prot
ein Coding Q13315        60 GC11P108222            191. https://www.gen~[] 
 []


Overfull \hbox (228.49498pt too wide) in paragraph at lines 210--210
[]\TU/lmtt/m/n/10 ##  9 MLH1        MutL Homolog 1                         Prot
ein Coding P40692        56 GC03P036993            182. https://www.gen~[] 
 []


Overfull \hbox (228.49498pt too wide) in paragraph at lines 210--210
[]\TU/lmtt/m/n/10 ## 10 BRIP1       BRCA1 Interacting Helicase 1           Prot
ein Coding Q9BX63        56 GC17M061679            180. https://www.gen~[] 
 []

[3]
File: figs/venn_plot.pdf Graphic file (type pdf)
<use figs/venn_plot.pdf>

Package caption Warning: The option `hypcap=true' will be ignored for this
(caption)                particular \caption on input line 221.
See the caption package documentation for explanation.

LaTeX Font Info:    Font shape `TU/FandolSong-Regular(0)/m/n' will be
(Font)              scaled to size 8.0pt on input line 221.

Overfull \hbox (228.49498pt too wide) in paragraph at lines 243--243
[]\TU/lmtt/m/n/10 ##    components                               Gene.Symbol De
scription Category Uniprot.ID Gifts GC.Id Relevance.score GeneCards.Link[] 
 []


Overfull \hbox (181.24498pt too wide) in paragraph at lines 243--243
[]\TU/lmtt/m/n/10 ##    <chr>                                    <chr>       <c
hr>       <chr>    <chr>      <int> <chr>           <dbl> <chr>[] 
 []


Overfull \hbox (228.49498pt too wide) in paragraph at lines 243--243
[]\TU/lmtt/m/n/10 ##  1 (-)-Epicedrol                            ACHE        Ac
etylchol~ Protein~ P22303        53 GC07~            8.07 https://www.g~[] 
 []


Overfull \hbox (228.49498pt too wide) in paragraph at lines 243--243
[]\TU/lmtt/m/n/10 ##  2 (-)-Epicedrol                            DPP4        Di
peptidyl~ Protein~ P27487        56 GC02~           16.6  https://www.g~[] 
 []


Overfull \hbox (228.49498pt too wide) in paragraph at lines 243--243
[]\TU/lmtt/m/n/10 ##  3 (-)-beta-Phellandrene                    ACHE        Ac
etylchol~ Protein~ P22303        53 GC07~            8.07 https://www.g~[] 
 []


Overfull \hbox (228.49498pt too wide) in paragraph at lines 243--243
[]\TU/lmtt/m/n/10 ##  4 (-)-beta-Phellandrene                    DPP4        Di
peptidyl~ Protein~ P27487        56 GC02~           16.6  https://www.g~[] 
 []


Overfull \hbox (228.49498pt too wide) in paragraph at lines 243--243
[]\TU/lmtt/m/n/10 ##  5 (-)-beta-Phellandrene                    NR3C1       Nu
clear Re~ Protein~ P04150        56 GC05~           14.9  https://www.g~[] 
 []


Overfull \hbox (228.49498pt too wide) in paragraph at lines 243--243
[]\TU/lmtt/m/n/10 ##  6 (-)-beta-Phellandrene                    PRSS1       Se
rine Pro~ Protein~ P07477        52 GC07~           20.9  https://www.g~[] 
 []


Overfull \hbox (228.49498pt too wide) in paragraph at lines 243--243
[]\TU/lmtt/m/n/10 ##  7 (1R,4R,5S)-1-isopropyl-4-methyl-4-bicyc~ ACHE        Ac
etylchol~ Protein~ P22303        53 GC07~            8.07 https://www.g~[] 
 []


Overfull \hbox (228.49498pt too wide) in paragraph at lines 243--243
[]\TU/lmtt/m/n/10 ##  8 (1R,4R,5S)-1-isopropyl-4-methyl-4-bicyc~ DPP4        Di
peptidyl~ Protein~ P27487        56 GC02~           16.6  https://www.g~[] 
 []


Overfull \hbox (228.49498pt too wide) in paragraph at lines 243--243
[]\TU/lmtt/m/n/10 ##  9 (1R,4S,4aR,8aR)-4-isopropyl-1,6-dimethy~ ACHE        Ac
etylchol~ Protein~ P22303        53 GC07~            8.07 https://www.g~[] 
 []


Overfull \hbox (228.49498pt too wide) in paragraph at lines 243--243
[]\TU/lmtt/m/n/10 ## 10 (1R,4S,4aR,8aR)-4-isopropyl-1,6-dimethy~ AR          An
drogen R~ Protein~ P10275        58 GC0X~           64.6  https://www.g~[] 
 []

[4]
Overfull \hbox (212.74498pt too wide) in paragraph at lines 267--267
[]\TU/lmtt/m/n/10 ##   []Drug name[] []BR:MCF7[] []BR:MDA-MB-231[] []BR:HS 578T
[] []BR:BT-549[] []BR:T-47D[] []CNS:SF-268[] []CNS:SF-295[] []CNS:SF-539[] []CN
S:SNB-19[][] 
 []


Overfull \hbox (175.99498pt too wide) in paragraph at lines 267--267
[]\TU/lmtt/m/n/10 ##   <chr>       <chr>     <chr>           <chr>        <chr>
       <chr>      <chr>        <chr>        <chr>        <chr>[] 
 []


Overfull \hbox (170.74498pt too wide) in paragraph at lines 267--267
[]\TU/lmtt/m/n/10 ## 1 Cisplatin   0.26      -1.8            -0.56        -0.29
       -1.32      1.42         1.15         0.63         -0.2[] 
 []


Overfull \hbox (186.49498pt too wide) in paragraph at lines 267--267
[]\TU/lmtt/m/n/10 ## # i 51 more variables: []CNS:SNB-75[] <chr>, []CNS:U251[] 
<chr>, []CO:COLO 205[] <chr>, []CO:HCC-2998[] <chr>, []CO:HCT-116[] <chr>,[] 
 []


Overfull \hbox (165.49498pt too wide) in paragraph at lines 267--267
[]\TU/lmtt/m/n/10 ## #   []CO:HCT-15[] <chr>, []CO:HT29[] <chr>, []CO:KM12[] <c
hr>, []CO:SW-620[] <chr>, []LE:CCRF-CEM[] <chr>, []LE:HL-60(TB)[] <chr>,[] 
 []


Overfull \hbox (170.74498pt too wide) in paragraph at lines 267--267
[]\TU/lmtt/m/n/10 ## #   []LE:K-562[] <chr>, []LE:MOLT-4[] <chr>, []LE:RPMI-822
6[] <chr>, []LE:SR[] <chr>, []ME:LOX IMVI[] <chr>, []ME:MALME-3M[] <chr>,[] 
 []


Overfull \hbox (196.99498pt too wide) in paragraph at lines 267--267
[]\TU/lmtt/m/n/10 ## #   []ME:M14[] <chr>, []ME:SK-MEL-2[] <chr>, []ME:SK-MEL-2
8[] <chr>, []ME:SK-MEL-5[] <chr>, []ME:UACC-257[] <chr>, []ME:UACC-62[] <chr>,[
] 
 []


Overfull \hbox (181.24498pt too wide) in paragraph at lines 267--267
[]\TU/lmtt/m/n/10 ## #   []ME:MDA-MB-435[] <chr>, []ME:MDA-N[] <chr>, []LC:A549
/ATCC[] <chr>, []LC:EKVX[] <chr>, []LC:HOP-62[] <chr>, []LC:HOP-92[] <chr>,[] 
 []


Overfull \hbox (212.74498pt too wide) in paragraph at lines 267--267
[]\TU/lmtt/m/n/10 ## #   []LC:NCI-H226[] <chr>, []LC:NCI-H23[] <chr>, []LC:NCI-
H322M[] <chr>, []LC:NCI-H460[] <chr>, []LC:NCI-H522[] <chr>, []OV:IGROV1[] <chr
>,[] 
 []


Overfull \hbox (107.74498pt too wide) in paragraph at lines 267--267
[]\TU/lmtt/m/n/10 ## #   []OV:OVCAR-3[] <chr>, []OV:OVCAR-4[] <chr>, []OV:OVCAR
-5[] <chr>, []OV:OVCAR-8[] <chr>, []OV:SK-OV-3[] <chr>, ...[] 
 []


Overfull \hbox (186.49498pt too wide) in paragraph at lines 292--292
[]\TU/lmtt/m/n/10 ##    []Gene name d[] []Entrez gene id e[] []Chromosome f[] [
]Start f[]   []End f[] []Cytoband f[] []BR:MCF7[] []BR:MDA-MB-231[] []BR:HS 578
T[][] 
 []


Overfull \hbox (186.49498pt too wide) in paragraph at lines 292--292
[]\TU/lmtt/m/n/10 ##    <chr>                      <dbl> <chr>              <db
l>     <dbl> <chr>            <dbl>           <dbl>        <dbl>[] 
 []


Overfull \hbox (181.24498pt too wide) in paragraph at lines 292--292
[]\TU/lmtt/m/n/10 ##  1 PARK7                      11315 1                80217
13   8045342 1p36.23          5.42            6.95         5.44[] 
 []


Overfull \hbox (181.24498pt too wide) in paragraph at lines 292--292
[]\TU/lmtt/m/n/10 ##  2 PIK3CD                      5293 1                97117
89   9789172 1p36.2           0.132           0.507        1.55[] 
 []


Overfull \hbox (181.24498pt too wide) in paragraph at lines 292--292
[]\TU/lmtt/m/n/10 ##  3 MTOR                        2475 1               111665
87  11322608 1p36.2           2.54            1.76         1.78[] 
 []


Overfull \hbox (165.49498pt too wide) in paragraph at lines 292--292
[]\TU/lmtt/m/n/10 ##  4 CTRC                       11330 1               157649
37  15773153 1p36.21          0               0            0[] 
 []


Overfull \hbox (181.24498pt too wide) in paragraph at lines 292--292
[]\TU/lmtt/m/n/10 ##  5 CASP9                        842 1               158178
95  15851285 1p36.21          0.669           0.377        1.05[] 
 []


Overfull \hbox (186.49498pt too wide) in paragraph at lines 292--292
[]\TU/lmtt/m/n/10 ##  6 LCK                         3932 1               327168
39  32751768 1p34.3           0               0            0.183[] 
 []


Overfull \hbox (181.24498pt too wide) in paragraph at lines 292--292
[]\TU/lmtt/m/n/10 ##  7 AKR1A1                     10327 1               460164
54  46035723 1p33-p32         3.38            1.83         3.50[] 
 []


Overfull \hbox (181.24498pt too wide) in paragraph at lines 292--292
[]\TU/lmtt/m/n/10 ##  8 JUN                         3725 1               592464
62  59249785 1p32-p31         0.76            3.82         3.38[] 
 []


Overfull \hbox (181.24498pt too wide) in paragraph at lines 292--292
[]\TU/lmtt/m/n/10 ##  9 GCLM                        2730 1               943507
55  94375154 1p22.1           1.02            4.24         1.62[] 
 []


Overfull \hbox (186.49498pt too wide) in paragraph at lines 292--292
[]\TU/lmtt/m/n/10 ## 10 VCAM1                       7412 1              1011851
95 101204601 1p32-p31         0               0            0.072[] 
 []


Overfull \hbox (170.74498pt too wide) in paragraph at lines 292--292
[]\TU/lmtt/m/n/10 ## # i 58 more variables: []BR:BT-549[] <dbl>, []BR:T-47D[] <
dbl>, []CNS:SF-268[] <dbl>, []CNS:SF-295[] <dbl>, []CNS:SF-539[] <dbl>,[] 
 []


Overfull \hbox (191.74498pt too wide) in paragraph at lines 292--292
[]\TU/lmtt/m/n/10 ## #   []CNS:SNB-19[] <dbl>, []CNS:SNB-75[] <dbl>, []CNS:U251
[] <dbl>, []CO:COLO 205[] <dbl>, []CO:HCC-2998[] <dbl>, []CO:HCT-116[] <dbl>,[]
 
 []


Overfull \hbox (165.49498pt too wide) in paragraph at lines 292--292
[]\TU/lmtt/m/n/10 ## #   []CO:HCT-15[] <dbl>, []CO:HT29[] <dbl>, []CO:KM12[] <d
bl>, []CO:SW-620[] <dbl>, []LE:CCRF-CEM[] <dbl>, []LE:HL-60(TB)[] <dbl>,[] 
 []


Overfull \hbox (170.74498pt too wide) in paragraph at lines 292--292
[]\TU/lmtt/m/n/10 ## #   []LE:K-562[] <dbl>, []LE:MOLT-4[] <dbl>, []LE:RPMI-822
6[] <dbl>, []LE:SR[] <dbl>, []ME:LOX IMVI[] <dbl>, []ME:MALME-3M[] <dbl>,[] 
 []


Overfull \hbox (196.99498pt too wide) in paragraph at lines 292--292
[]\TU/lmtt/m/n/10 ## #   []ME:M14[] <dbl>, []ME:SK-MEL-2[] <dbl>, []ME:SK-MEL-2
8[] <dbl>, []ME:SK-MEL-5[] <dbl>, []ME:UACC-257[] <dbl>, []ME:UACC-62[] <dbl>,[
] 
 []


Overfull \hbox (202.24498pt too wide) in paragraph at lines 292--292
[]\TU/lmtt/m/n/10 ## #   []ME:MDA-MB-435[] <dbl>, []ME:MDA-N[] <dbl>, []LC:A549
/ATCC[] <dbl>, []LC:EKVX[] <dbl>, []LC:HOP-62[] <dbl>, []LC:HOP-92[] <dbl>, ...
[] 
 []

[5]
File: figs/pearsonTest.pdf Graphic file (type pdf)
<use figs/pearsonTest.pdf>

Package caption Warning: The option `hypcap=true' will be ignored for this
(caption)                particular \caption on input line 306.
See the caption package documentation for explanation.


Overfull \hbox (14.04404pt too wide) in paragraph at lines 311--314
[]\TU/FandolSong-Regular(0)/m/n/10 关 联 性 分 析  |（\TU/lmr/m/n/10 Pearson\TU/Fando
lSong-Regular(0)/m/n/10 ）|  结 果 概 览  |（已 包 含 基 因 和 对 应 化 合 物 数 据） ，| \TU/lmr/bx
/n/10 (\TU/FandolSong-Regular(0)/b/n/10 对 应 文 件 为 \TU/lmtt/b/n/10 ./pearsonTest
_allResults.csv\TU/lmr/bx/n/10 ,
 []


Overfull \hbox (228.49498pt too wide) in paragraph at lines 330--330
[]\TU/lmtt/m/n/10 ##    name      cor p.value components                Descrip
tion      Category Uniprot.ID Gifts GC.Id Relevance.score GeneCards.Link[] 
 []

[6]
Overfull \hbox (181.24498pt too wide) in paragraph at lines 330--330
[]\TU/lmtt/m/n/10 ##    <chr>   <dbl>   <dbl> <chr>                     <chr>  
          <chr>    <chr>      <int> <chr>           <dbl> <chr>[] 
 []


Overfull \hbox (228.49498pt too wide) in paragraph at lines 330--330
[]\TU/lmtt/m/n/10 ##  1 AHR    -0.283  0.0287 kaempferol                Aryl Hy
drocarbo~ Protein~ P35869        53 GC07~            14.6 https://www.g~[] 
 []


Overfull \hbox (228.49498pt too wide) in paragraph at lines 330--330
[]\TU/lmtt/m/n/10 ##  2 BAX     0.267  0.0393 aloeemodin                BCL2 As
sociated~ Protein~ Q07812        57 GC19~            52.9 https://www.g~[] 
 []


Overfull \hbox (228.49498pt too wide) in paragraph at lines 330--330
[]\TU/lmtt/m/n/10 ##  3 BAX     0.267  0.0393 cryptotanshinone          BCL2 As
sociated~ Protein~ Q07812        57 GC19~            52.9 https://www.g~[] 
 []


Overfull \hbox (228.49498pt too wide) in paragraph at lines 330--330
[]\TU/lmtt/m/n/10 ##  4 BAX     0.267  0.0393 kaempferol                BCL2 As
sociated~ Protein~ Q07812        57 GC19~            52.9 https://www.g~[] 
 []


Overfull \hbox (228.49498pt too wide) in paragraph at lines 330--330
[]\TU/lmtt/m/n/10 ##  5 BAX     0.267  0.0393 rhein                     BCL2 As
sociated~ Protein~ Q07812        57 GC19~            52.9 https://www.g~[] 
 []


Overfull \hbox (228.49498pt too wide) in paragraph at lines 330--330
[]\TU/lmtt/m/n/10 ##  6 BAX     0.267  0.0393 aucubin                   BCL2 As
sociated~ Protein~ Q07812        57 GC19~            52.9 https://www.g~[] 
 []


Overfull \hbox (228.49498pt too wide) in paragraph at lines 330--330
[]\TU/lmtt/m/n/10 ##  7 BAX     0.267  0.0393 tanshinone i              BCL2 As
sociated~ Protein~ Q07812        57 GC19~            52.9 https://www.g~[] 
 []


Overfull \hbox (228.49498pt too wide) in paragraph at lines 330--330
[]\TU/lmtt/m/n/10 ##  8 BAX     0.267  0.0393 beta-sitosterol           BCL2 As
sociated~ Protein~ Q07812        57 GC19~            52.9 https://www.g~[] 
 []


Overfull \hbox (228.49498pt too wide) in paragraph at lines 330--330
[]\TU/lmtt/m/n/10 ##  9 BAX     0.267  0.0393 protocatechuic acid       BCL2 As
sociated~ Protein~ Q07812        57 GC19~            52.9 https://www.g~[] 
 []


Overfull \hbox (228.49498pt too wide) in paragraph at lines 330--330
[]\TU/lmtt/m/n/10 ## 10 BCL2L1 -0.256  0.0480 15,16-dihydrotanshinone i BCL2 Li
ke 1      Protein~ Q07817        54 GC20~            31.4 https://www.g~[] 
 []


Overfull \hbox (13.24498pt too wide) in paragraph at lines 580--580
[]\TU/lmtt/m/n/10 ## $[](2R)-3-(3,4-dihydroxyphenyl)-2-[(Z)-3-(3,4-dihydroxyphe
nyl)acryloyl]oxy-propionic acid[][] 
 []


Overfull \hbox (170.74498pt too wide) in paragraph at lines 580--580
[]\TU/lmtt/m/n/10 ## $[](2S,3S)-2-(3,4-dihydroxyphenyl)-7-hydroxy-4-[(E)-3-hydr
oxy-3-oxoprop-1-enyl]-2,3-dihydrobenzofuran-3-carboxylic acid[][] 
 []

[7]
Overfull \hbox (18.49498pt too wide) in paragraph at lines 580--580
[]\TU/lmtt/m/n/10 ## $[](6S)-6-(hydroxymethyl)-1,6-dimethyl-8,9-dihydro-7H-naph
tho[8,7-g]benzofuran-10,11-dione[][] 
 []

Missing character: There is no α (U+03B1) in font [lmmono10-regular]:!
Missing character: There is no Ⅱ (U+2161) in font [lmmono10-regular]:!
[8] [9]
Missing character: There is no Ⅰ (U+2160) in font [lmmono10-regular]:!
Missing character: There is no Ⅰ (U+2160) in font [lmmono10-regular]:!
[10] [11]
Missing character: There is no Ⅰ (U+2160) in font [lmmono10-regular]:!
Missing character: There is no Ⅵ (U+2165) in font [lmmono10-regular]:!
[12]
File: ./figs/protein_interaction.pdf Graphic file (type pdf)
<use ./figs/protein_interaction.pdf>

Package caption Warning: The option `hypcap=true' will be ignored for this
(caption)                particular \caption on input line 598.
See the caption package documentation for explanation.

[13]
Overfull \hbox (228.49498pt too wide) in paragraph at lines 633--633
[]\TU/lmtt/m/n/10 ##    genes  MCC_score STRING_id    cor p.value components De
scription Category Uniprot.ID Gifts GC.Id Relevance.score GeneCards.Link[] 
 []


Overfull \hbox (181.24498pt too wide) in paragraph at lines 633--633
[]\TU/lmtt/m/n/10 ##    <chr>      <dbl> <chr>      <dbl>   <dbl> <chr>      <c
hr>       <chr>    <chr>      <int> <chr>           <dbl> <chr>[] 
 []


Overfull \hbox (228.49498pt too wide) in paragraph at lines 633--633
[]\TU/lmtt/m/n/10 ##  1 PPARG         13 9606.ENS~ -0.396 0.00173 tanshinon~ Pe
roxisome~ Protein~ P37231        60 GC03~           47.0  https://www.g~[] 
 []


Overfull \hbox (228.49498pt too wide) in paragraph at lines 633--633
[]\TU/lmtt/m/n/10 ##  2 ITGAM         12 9606.ENS~  0.338 0.00834 tanshinon~ In
tegrin S~ Protein~ P11215        54 GC16~            9.38 https://www.g~[] 
 []


Overfull \hbox (228.49498pt too wide) in paragraph at lines 633--633
[]\TU/lmtt/m/n/10 ##  3 ST14           9 9606.ENS~ -0.290 0.0247  tanshinon~ ST
14 Trans~ Protein~ Q9Y5Y6        55 GC11~           17.6  https://www.g~[] 
 []


Overfull \hbox (228.49498pt too wide) in paragraph at lines 633--633
[]\TU/lmtt/m/n/10 ##  4 PRSS8          9 9606.ENS~ -0.297 0.0210  tanshinon~ Se
rine Pro~ Protein~ Q16651        52 GC16~            6.83 https://www.g~[] 
 []


Overfull \hbox (228.49498pt too wide) in paragraph at lines 633--633
[]\TU/lmtt/m/n/10 ##  5 TMPRS~         9 9606.ENS~ -0.350 0.00604 tanshinon~ Tr
ansmembr~ Protein~ O15393        54 GC21~           17.5  https://www.g~[] 
 []


Overfull \hbox (228.49498pt too wide) in paragraph at lines 633--633
[]\TU/lmtt/m/n/10 ##  6 ELANE          9 9606.ENS~  0.310 0.0161  tanshinon~ El
astase, ~ Protein~ P08246        58 GC19~           11.6  https://www.g~[] 
 []


Overfull \hbox (228.49498pt too wide) in paragraph at lines 633--633
[]\TU/lmtt/m/n/10 ##  7 TMPRS~         8 9606.ENS~ -0.361 0.00462 tanshinon~ Tr
ansmembr~ Protein~ Q9NRS4        46 GC11~            8.03 https://www.g~[] 
 []


Overfull \hbox (228.49498pt too wide) in paragraph at lines 633--633
[]\TU/lmtt/m/n/10 ##  8 HGF            7 9606.ENS~  0.360 0.00475 tanshinon~ He
patocyte~ Protein~ P14210        58 GC07~           30.4  https://www.g~[] 
 []


Overfull \hbox (228.49498pt too wide) in paragraph at lines 633--633
[]\TU/lmtt/m/n/10 ##  9 ITGA6          7 9606.ENS~ -0.365 0.00417 tanshinon~ In
tegrin S~ Protein~ P23229        57 GC02~           20.0  https://www.g~[] 
 []


Overfull \hbox (228.49498pt too wide) in paragraph at lines 633--633
[]\TU/lmtt/m/n/10 ## 10 CTRL           7 9606.ENS~  0.401 0.00148 tanshinon~ Ch
ymotryps~ Protein~ P40313        47 GC16~            5.83 https://www.g~[] 
 []


Overfull \hbox (228.49498pt too wide) in paragraph at lines 633--633
[]\TU/lmtt/m/n/10 ## 11 TMPRS~         3 9606.ENS~  0.323 0.0118  tanshinon~ Tr
ansmembr~ Protein~ Q6ZMR5        43 GC04~            5.10 https://www.g~[] 
 []


Overfull \hbox (228.49498pt too wide) in paragraph at lines 633--633
[]\TU/lmtt/m/n/10 ## 12 GRB7           3 9606.ENS~ -0.366 0.00401 tanshinon~ Gr
owth Fac~ Protein~ Q14451        50 GC17~           16.8  https://www.g~[] 
 []


Overfull \hbox (228.49498pt too wide) in paragraph at lines 633--633
[]\TU/lmtt/m/n/10 ## 13 KLK6           2 9606.ENS~ -0.359 0.00491 tanshinon~ Ka
llikrein~ Protein~ Q92876        51 GC19~           12.0  https://www.g~[] 
 []


Overfull \hbox (228.49498pt too wide) in paragraph at lines 633--633
[]\TU/lmtt/m/n/10 ## 14 MYBL2          1 9606.ENS~  0.280 0.0305  tanshinon~ MY
B Proto-~ Protein~ P10244        49 GC20~            8.81 https://www.g~[] 
 []


Overfull \hbox (228.49498pt too wide) in paragraph at lines 633--633
[]\TU/lmtt/m/n/10 ## 15 BAX            1 9606.ENS~  0.267 0.0393  tanshinon~ BC
L2 Assoc~ Protein~ Q07812        57 GC19~           52.9  https://www.g~[] 
 []


Overfull \hbox (228.49498pt too wide) in paragraph at lines 633--633
[]\TU/lmtt/m/n/10 ## 16 CST6           1 9606.ENS~ -0.272 0.0355  tanshinon~ Cy
statin E~ Protein~ Q15828        48 GC11~            6.68 https://www.g~[] 
 []


Overfull \hbox (228.49498pt too wide) in paragraph at lines 633--633
[]\TU/lmtt/m/n/10 ## 17 CTRC           1 9606.ENS~  0.325 0.0112  tanshinon~ Ch
ymotryps~ Protein~ Q99895        52 GC01~            6.27 https://www.g~[] 
 []


Overfull \hbox (228.49498pt too wide) in paragraph at lines 633--633
[]\TU/lmtt/m/n/10 ## 18 ERCC1         NA 9606.ENS~  0.260 0.0444  tanshinon~ ER
CC Excis~ Protein~ P07992        53 GC19~           35.5  https://www.g~[] 
 []

File: ./figs/MCC_top10.pdf Graphic file (type pdf)
<use ./figs/MCC_top10.pdf>

Package caption Warning: The option `hypcap=true' will be ignored for this
(caption)                particular \caption on input line 640.
See the caption package documentation for explanation.

[14]
LaTeX Font Info:    Font shape `TU/lmtt/bx/n' in size <12> not available
(Font)              Font shape `TU/lmtt/b/n' tried instead on input line 644.
File: ./enrichKEGG/71_tanshinone i.pdf Graphic file (type pdf)
<use ./enrichKEGG/71_tanshinone i.pdf>

Package caption Warning: The option `hypcap=true' will be ignored for this
(caption)                particular \caption on input line 653.
See the caption package documentation for explanation.

[15]
File: ./enrichGO/71_tanshinone i.pdf Graphic file (type pdf)
<use ./enrichGO/71_tanshinone i.pdf>

Package caption Warning: The option `hypcap=true' will be ignored for this
(caption)                particular \caption on input line 659.
See the caption package documentation for explanation.

[16]
Overfull \hbox (13.24498pt too wide) in paragraph at lines 960--960
[]\TU/lmtt/m/n/10 ## $[](2R)-3-(3,4-dihydroxyphenyl)-2-[(Z)-3-(3,4-dihydroxyphe
nyl)acryloyl]oxy-propionic acid[][] 
 []


Overfull \hbox (170.74498pt too wide) in paragraph at lines 960--960
[]\TU/lmtt/m/n/10 ## $[](2S,3S)-2-(3,4-dihydroxyphenyl)-7-hydroxy-4-[(E)-3-hydr
oxy-3-oxoprop-1-enyl]-2,3-dihydrobenzofuran-3-carboxylic acid[][] 
 []


Overfull \hbox (18.49498pt too wide) in paragraph at lines 960--960
[]\TU/lmtt/m/n/10 ## $[](6S)-6-(hydroxymethyl)-1,6-dimethyl-8,9-dihydro-7H-naph
tho[8,7-g]benzofuran-10,11-dione[][] 
 []

[17] [18]
Missing character: There is no α (U+03B1) in font [lmmono10-regular]:!
Missing character: There is no Ⅱ (U+2161) in font [lmmono10-regular]:!
[19]
Missing character: There is no Ⅰ (U+2160) in font [lmmono10-regular]:!
Missing character: There is no Ⅰ (U+2160) in font [lmmono10-regular]:!
[20] [21] [22] [23]
Missing character: There is no Ⅰ (U+2160) in font [lmmono10-regular]:!
Missing character: There is no Ⅵ (U+2165) in font [lmmono10-regular]:!
[24] (./output.aux) ) 
Here is how much of TeX's memory you used:
 21834 strings out of 476191
 428023 string characters out of 5812072
 923207 words of memory out of 5000000
 42244 multiletter control sequences out of 15000+600000
 476372 words of font info for 96 fonts, out of 8000000 for 9000
 1348 hyphenation exceptions out of 8191
 86i,6n,129p,1003b,1388s stack positions out of 5000i,500n,10000p,200000b,80000s

Output written on output.pdf (24 pages).
